6-8-2024 22:24:37 - log: Load engine in /Applications/Cocos/Creator/3.8.2/CocosCreator.app/Contents/Resources/resources/3d/engine
6-8-2024 22:24:37 - log: Register native engine in /Applications/Cocos/Creator/3.8.2/CocosCreator.app/Contents/Resources/resources/3d/engine/native
6-8-2024 22:24:53 - log: [Scene] meshopt wasm decoder initialized
6-8-2024 22:24:53 - log: [Scene] [box2d]:box2d wasm lib loaded.
6-8-2024 22:24:53 - log: [Scene] [bullet]:bullet wasm lib loaded.
6-8-2024 22:24:54 - log: [Scene] [PHYSICS]: using builtin.
6-8-2024 22:24:55 - log: [Scene] Cocos Creator v3.8.2
6-8-2024 22:24:55 - info: [Scene] Forward render pipeline initialized.
6-8-2024 22:24:55 - warn: [Scene] The type of "RandomColor.duration" must be CCFloat or CCInteger, not Number.Error: [Scene] The type of "RandomColor.duration" must be CCFloat or CCInteger, not Number.
    at warn (/Applications/Cocos/Creator/3.8.2/CocosCreator.app/Contents/Resources/resources/3d/engine/bin/.cache/dev/editor/bundled/index.js:160729:12)
    at warnID (/Applications/Cocos/Creator/3.8.2/CocosCreator.app/Contents/Resources/resources/3d/engine/bin/.cache/dev/editor/bundled/index.js:160911:5)
    at parseType (/Applications/Cocos/Creator/3.8.2/CocosCreator.app/Contents/Resources/resources/3d/engine/bin/.cache/dev/editor/bundled/index.js:273527:11)
    at preprocessAttrs (/Applications/Cocos/Creator/3.8.2/CocosCreator.app/Contents/Resources/resources/3d/engine/bin/.cache/dev/editor/bundled/index.js:273632:11)
    at declareProperties (/Applications/Cocos/Creator/3.8.2/CocosCreator.app/Contents/Resources/resources/3d/engine/bin/.cache/dev/editor/bundled/index.js:138398:7)
    at CCClass (/Applications/Cocos/Creator/3.8.2/CocosCreator.app/Contents/Resources/resources/3d/engine/bin/.cache/dev/editor/bundled/index.js:138427:5)
    at eval (/Applications/Cocos/Creator/3.8.2/CocosCreator.app/Contents/Resources/resources/3d/engine/bin/.cache/dev/editor/bundled/index.js:271455:21)
6-8-2024 22:24:55 - log: [Scene] No need to specify the "type" of "RandomColor.color1" because cc.Color is a child class of ValueType.
6-8-2024 22:24:55 - log: [Scene] No need to specify the "type" of "RandomColor.color2" because cc.Color is a child class of ValueType.
6-8-2024 22:24:55 - log: [Scene] [PHYSICS]: switch from builtin to bullet.
6-8-2024 22:24:55 - log: [Scene] [PHYSICS2D]: switch from box2d-wasm to box2d.
6-8-2024 22:25:00 - log: [Scene] init: SpriteEffectColor_false_0_1_0
6-8-2024 22:25:00 - log: [Scene] init: SpriteEffectColor_false_0_1_0
6-8-2024 22:25:00 - log: [Scene] init: SpriteEffectColor_false_0_1_0
6-8-2024 22:25:00 - log: [Scene] init: SpriteEffectColor_false_0_1_0
6-8-2024 22:25:00 - log: [Scene] init: SpriteEffectColor_false_0_1_0
6-8-2024 22:25:00 - log: [Scene] init: SpriteEffectColor_false_0_1_0
6-8-2024 22:25:00 - log: [Scene] init: SpriteEffectColor_false_0_1_0
6-8-2024 22:25:00 - log: [Scene] init: SpriteEffectColor_false_0_1_0
6-8-2024 22:25:00 - log: [Scene] init: SpriteEffectColor_false_0_1_0
6-8-2024 22:25:00 - log: [Scene] init: SpriteEffectColor_false_0_1_0
6-8-2024 22:25:00 - log: [Scene] init: SpriteEffectColor_false_0_1_0
6-8-2024 22:25:00 - log: [Scene] init: SpriteEffectColor_false_0_1_0
6-8-2024 22:25:00 - log: [Scene] init: SpriteEffectColor_false_0_1_0
6-8-2024 22:25:00 - log: [Scene] init: SpriteEffectColor_false_0_1_0
6-8-2024 22:25:00 - log: [Scene] init: SpriteEffectColor_false_0_1_0
6-8-2024 22:25:00 - log: [Scene] init: SpriteEffectColor_false_0_1_0
6-8-2024 22:25:00 - log: [Scene] init: SpriteEffectColor_false_0_1_0
6-8-2024 22:25:00 - log: [Scene] init: SpriteEffectColor_false_0_1_0
6-8-2024 22:25:00 - log: [Scene] init: SpriteEffectColor_false_0_1_0
6-8-2024 22:25:00 - log: [Scene] init: SpriteEffectColor_false_0_1_0
6-8-2024 22:25:00 - log: [Scene] init: SpriteEffectColor_false_0_1_0
6-8-2024 22:25:00 - log: [Scene] init: SpriteEffectColor_false_0_1_0
6-8-2024 22:25:00 - log: [Scene] init: SpriteEffectColor_false_0_1_0
6-8-2024 22:25:00 - log: [Scene] init: SpriteEffectColor_false_0_1_0
6-8-2024 22:25:00 - log: [Scene] init: SpriteEffectColor_false_0_1_0
6-8-2024 22:25:00 - log: [Scene] init: SpriteEffectColor_false_0_1_0
6-8-2024 22:25:00 - log: [Scene] init: SpriteEffectColor_false_0_1_0
6-8-2024 22:25:00 - log: [Scene] init: SpriteEffectColor_false_0_1_0
6-8-2024 22:25:00 - log: [Scene] init: SpriteEffectColor_false_0_1_0
6-8-2024 22:25:00 - log: [Scene] init: SpriteEffectColor_false_0_1_0
6-8-2024 22:25:00 - log: [Scene] init: SpriteEffectColor_false_0_1_0
6-8-2024 22:25:00 - log: [Scene] init: SpriteEffectColor_false_0_1_0
6-8-2024 22:25:00 - log: [Scene] init: SpriteEffectColor_false_0_1_0
6-8-2024 22:25:00 - log: [Scene] init: SpriteEffectColor_false_0_1_0
6-8-2024 22:25:00 - log: [Scene] init: SpriteEffectColor_false_0_1_0
6-8-2024 22:25:00 - log: [Scene] init: SpriteEffectColor_false_0_1_0
6-8-2024 22:25:00 - log: [Scene] init: SpriteEffectColor_false_0_1_0
6-8-2024 22:25:00 - log: [Scene] init: SpriteEffectColor_false_0_1_0
6-8-2024 22:25:00 - log: [Scene] init: SpriteEffectColor_false_0_1_0
6-8-2024 22:25:00 - log: [Scene] init: SpriteEffectColor_false_0_1_0
6-8-2024 22:25:00 - log: [Scene] init: SpriteEffectColor_false_0_1_0
6-8-2024 22:25:00 - log: [Scene] init: SpriteEffectColor_false_0_1_0
6-8-2024 22:25:00 - log: [Scene] init: SpriteEffectColor_false_0_1_0
6-8-2024 22:25:00 - log: [Scene] init: SpriteEffectColor_false_0_1_0
6-8-2024 22:25:00 - log: [Scene] init: SpriteEffectColor_false_0_1_0
6-8-2024 22:25:00 - log: [Scene] init: SpriteEffectColor_false_0_1_0
6-8-2024 22:25:00 - log: [Scene] init: SpriteEffectColor_false_0_1_0
6-8-2024 22:25:00 - log: [Scene] init: SpriteEffectColor_false_0_1_0
6-8-2024 22:25:00 - log: [Scene] init: SpriteEffectColor_false_0_1_0
6-8-2024 22:25:00 - log: [Scene] init: SpriteEffectColor_false_0_1_0
6-8-2024 22:25:00 - log: [Scene] init: SpriteEffectColor_false_0_1_0
6-8-2024 22:25:00 - log: [Scene] init: SpriteEffectColor_false_0_1_0
6-8-2024 22:25:00 - log: [Scene] init: SpriteEffectColor_false_0_1_0
6-8-2024 22:25:00 - log: [Scene] init: SpriteEffectColor_false_0_1_0
6-8-2024 22:25:00 - log: [Scene] init: SpriteEffectColor_false_0_1_0
6-8-2024 22:25:00 - log: [Scene] init: SpriteEffectColor_false_0_1_0
6-8-2024 22:25:00 - log: [Scene] init: SpriteEffectColor_false_0_1_0
6-8-2024 22:25:00 - log: [Scene] init: SpriteEffectColor_false_0_1_0
6-8-2024 22:25:00 - log: [Scene] init: SpriteEffectColor_false_0_1_0
6-8-2024 22:25:00 - log: [Scene] init: SpriteEffectColor_false_0_1_0
6-8-2024 22:25:00 - log: [Scene] init: SpriteEffectColor_false_0_1_0
6-8-2024 22:25:00 - log: [Scene] init: SpriteEffectColor_false_0_1_0
6-8-2024 22:25:00 - log: [Scene] init: SpriteEffectColor_false_0_1_0
6-8-2024 22:25:00 - log: [Scene] init: SpriteEffectColor_false_0_1_0
6-8-2024 22:25:00 - log: [Scene] init: SpriteEffectColor_false_0_1_0
6-8-2024 22:25:00 - log: [Scene] init: SpriteEffectColor_false_0_1_0
6-8-2024 22:25:00 - log: [Scene] init: SpriteEffectColor_false_0_1_0
6-8-2024 22:25:00 - log: [Scene] init: SpriteEffectColor_false_0_1_0
6-8-2024 22:25:00 - log: [Scene] init: SpriteEffectColor_false_0_1_0
6-8-2024 22:25:00 - log: [Scene] init: SpriteEffectColor_false_0_1_0
6-8-2024 22:25:00 - log: [Scene] init: SpriteEffectColor_false_0_1_0
6-8-2024 22:25:00 - log: [Scene] init: SpriteEffectColor_false_0_1_0
6-8-2024 22:25:00 - log: [Scene] init: SpriteEffectColor_false_0_1_0
6-8-2024 22:25:00 - log: [Scene] init: SpriteEffectColor_false_0_1_0
6-8-2024 22:25:00 - log: [Scene] init: SpriteEffectColor_false_0_1_0
6-8-2024 22:25:00 - log: [Scene] init: SpriteEffectColor_false_0_1_0
6-8-2024 22:25:00 - log: [Scene] init: SpriteEffectColor_false_0_1_0
6-8-2024 22:25:00 - log: [Scene] init: SpriteEffectColor_false_0_1_0
6-8-2024 22:25:00 - log: [Scene] init: SpriteEffectColor_false_0_1_0
6-8-2024 22:25:00 - log: [Scene] init: SpriteEffectColor_false_0_1_0
6-8-2024 22:25:00 - log: [Scene] init: SpriteEffectColor_false_0_1_0
6-8-2024 22:25:00 - log: [Scene] init: SpriteEffectColor_false_0_1_0
6-8-2024 22:25:00 - log: [Scene] init: SpriteEffectColor_false_0_1_0
6-8-2024 22:25:00 - log: [Scene] init: SpriteEffectColor_false_0_1_0
6-8-2024 22:25:00 - log: [Scene] init: SpriteEffectColor_false_0_1_0
6-8-2024 22:25:00 - log: [Scene] init: SpriteEffectColor_false_0_1_0
6-8-2024 22:25:00 - log: [Scene] init: SpriteEffectColor_false_0_1_0
6-8-2024 22:25:00 - log: [Scene] init: SpriteEffectColor_false_0_1_0
6-8-2024 22:25:00 - log: [Scene] init: SpriteEffectColor_false_0_1_0
6-8-2024 22:25:00 - log: [Scene] init: SpriteEffectColor_false_0_1_0
6-8-2024 22:25:00 - log: [Scene] init: SpriteEffectColor_false_0_1_0
6-8-2024 22:25:00 - log: [Scene] init: SpriteEffectColor_false_0_1_0
6-8-2024 22:25:00 - log: [Scene] init: SpriteEffectColor_false_0_1_0
6-8-2024 22:25:00 - log: [Scene] init: SpriteEffectColor_false_0_1_0
6-8-2024 22:25:00 - log: [Scene] init: SpriteEffectColor_false_0_1_0
6-8-2024 22:25:00 - log: [Scene] init: SpriteEffectColor_false_0_1_0
6-8-2024 22:25:00 - log: [Scene] init: SpriteEffectColor_false_0_1_0
6-8-2024 22:25:00 - log: [Scene] init: SpriteEffectColor_false_0_1_0
6-8-2024 22:25:00 - log: [Scene] init: SpriteEffectColor_false_0_1_0
6-8-2024 22:25:00 - log: [Scene] init: SpriteEffectColor_false_0_1_0
6-8-2024 22:25:00 - log: [Scene] init: SpriteEffectColor_false_0_1_0
6-8-2024 22:25:00 - log: [Scene] init: SpriteEffectColor_false_0_1_0
6-8-2024 22:25:00 - log: [Scene] init: SpriteEffectColor_false_0_1_0
6-8-2024 22:25:00 - log: [Scene] init: SpriteEffectColor_false_0_1_0
6-8-2024 22:25:00 - log: [Scene] init: SpriteEffectColor_false_0_1_0
6-8-2024 22:25:00 - log: [Scene] init: SpriteEffectColor_false_0_1_0
6-8-2024 22:25:00 - log: [Scene] init: SpriteEffectColor_false_0_1_0
6-8-2024 22:25:00 - log: [Scene] init: SpriteEffectColor_false_0_1_0
6-8-2024 22:25:00 - log: [Scene] init: SpriteEffectColor_false_0_1_0
6-8-2024 22:25:00 - log: [Scene] init: SpriteEffectColor_false_0_1_0
6-8-2024 22:25:00 - log: [Scene] init: SpriteEffectColor_false_0_1_0
6-8-2024 22:25:00 - log: [Scene] init: SpriteEffectColor_false_0_1_0
6-8-2024 22:25:00 - log: [Scene] init: SpriteEffectColor_false_0_1_0
6-8-2024 22:25:00 - log: [Scene] init: SpriteEffectColor_false_0_1_0
6-8-2024 22:25:00 - log: [Scene] init: SpriteEffectColor_false_0_1_0
6-8-2024 22:25:00 - log: [Scene] init: SpriteEffectColor_false_0_1_0
6-8-2024 22:25:00 - log: [Scene] init: SpriteEffectColor_false_0_1_0
6-8-2024 22:25:00 - log: [Scene] init: SpriteEffectColor_false_0_1_0
6-8-2024 22:25:00 - log: [Scene] init: SpriteEffectColor_false_0_1_0
6-8-2024 22:25:00 - log: [Scene] init: SpriteEffectColor_false_0_1_0
6-8-2024 22:25:00 - log: [Scene] init: SpriteEffectColor_false_0_1_0
6-8-2024 22:25:00 - log: [Scene] init: SpriteEffectColor_false_0_1_0
6-8-2024 22:25:00 - log: [Scene] init: SpriteEffectColor_false_0_1_0
6-8-2024 22:25:00 - log: [Scene] init: SpriteEffectColor_false_0_1_0
6-8-2024 22:25:00 - log: [Scene] init: SpriteEffectColor_false_0_1_0
6-8-2024 22:25:00 - log: [Scene] init: SpriteEffectColor_false_0_1_0
6-8-2024 22:25:00 - log: [Scene] init: SpriteEffectColor_false_0_1_0
6-8-2024 22:25:00 - log: [Scene] init: SpriteEffectColor_false_0_1_0
6-8-2024 22:25:00 - log: [Scene] init: SpriteEffectColor_false_0_1_0
6-8-2024 22:25:00 - log: [Scene] init: SpriteEffectColor_false_0_1_0
6-8-2024 22:25:00 - log: [Scene] init: SpriteEffectColor_false_0_1_0
6-8-2024 22:25:00 - log: [Scene] init: SpriteEffectColor_false_0_1_0
6-8-2024 22:25:00 - log: [Scene] init: SpriteEffectColor_false_0_1_0
6-8-2024 22:25:00 - log: [Scene] init: SpriteEffectColor_false_0_1_0
6-8-2024 22:25:00 - log: [Scene] init: SpriteEffectColor_false_0_1_0
6-8-2024 22:25:00 - log: [Scene] init: SpriteEffectColor_false_0_1_0
6-8-2024 22:25:00 - log: [Scene] init: SpriteEffectColor_false_0_1_0
6-8-2024 22:25:00 - log: [Scene] init: SpriteEffectColor_false_0_1_0
6-8-2024 22:25:00 - log: [Scene] init: SpriteEffectColor_false_0_1_0
6-8-2024 22:25:00 - log: [Scene] init: SpriteEffectColor_false_0_1_0
6-8-2024 22:25:00 - log: [Scene] init: SpriteEffectColor_false_0_1_0
6-8-2024 22:25:00 - log: [Scene] init: SpriteEffectColor_false_0_1_0
6-8-2024 22:25:00 - log: [Scene] init: SpriteEffectColor_false_0_1_0
6-8-2024 22:25:00 - log: [Scene] init: SpriteEffectColor_false_0_1_0
6-8-2024 22:25:00 - log: [Scene] init: SpriteEffectColor_false_0_1_0
6-8-2024 22:25:00 - log: [Scene] init: SpriteEffectColor_false_0_1_0
6-8-2024 22:25:00 - log: [Scene] init: SpriteEffectColor_false_0_1_0
6-8-2024 22:25:00 - log: [Scene] init: SpriteEffectColor_false_0_1_0
6-8-2024 22:25:00 - log: [Scene] init: SpriteEffectColor_false_0_1_0
6-8-2024 22:25:00 - log: [Scene] init: SpriteEffectColor_false_0_1_0
6-8-2024 22:25:00 - log: [Scene] init: SpriteEffectColor_false_0_1_0
6-8-2024 22:25:00 - log: [Scene] init: SpriteEffectColor_false_0_1_0
6-8-2024 22:25:00 - log: [Scene] init: SpriteEffectColor_false_0_1_0
6-8-2024 22:25:00 - log: [Scene] init: SpriteEffectColor_false_0_1_0
6-8-2024 22:25:00 - log: [Scene] init: SpriteEffectColor_false_0_1_0
6-8-2024 22:25:00 - log: [Scene] init: SpriteEffectColor_false_0_1_0
6-8-2024 22:25:00 - log: [Scene] init: SpriteEffectColor_false_0_1_0
6-8-2024 22:25:00 - log: [Scene] init: SpriteEffectColor_false_0_1_0
6-8-2024 22:25:00 - log: [Scene] init: SpriteEffectColor_false_0_1_0
6-8-2024 22:25:00 - log: [Scene] init: SpriteEffectColor_false_0_1_0
6-8-2024 22:25:00 - log: [Scene] init: SpriteEffectColor_false_0_1_0
6-8-2024 22:25:00 - log: [Scene] init: SpriteEffectColor_false_0_1_0
6-8-2024 22:25:00 - log: [Scene] init: SpriteEffectColor_false_0_1_0
6-8-2024 22:25:00 - log: [Scene] init: SpriteEffectColor_false_0_1_0
6-8-2024 22:25:00 - log: [Scene] init: SpriteEffectColor_false_0_1_0
6-8-2024 22:25:00 - log: [Scene] init: SpriteEffectColor_false_0_1_0
6-8-2024 22:25:00 - log: [Scene] init: SpriteEffectColor_false_0_1_0
6-8-2024 22:25:00 - log: [Scene] init: SpriteEffectColor_false_0_1_0
6-8-2024 22:25:00 - log: [Scene] init: SpriteEffectColor_false_0_1_0
6-8-2024 22:25:00 - log: [Scene] init: SpriteEffectColor_false_0_1_0
6-8-2024 22:25:00 - log: [Scene] init: SpriteEffectColor_false_0_1_0
6-8-2024 22:25:00 - log: [Scene] init: SpriteEffectColor_false_0_1_0
6-8-2024 22:25:00 - log: [Scene] init: SpriteEffectColor_false_0_1_0
6-8-2024 22:25:00 - log: [Scene] init: SpriteEffectColor_false_0_1_0
6-8-2024 22:25:00 - log: [Scene] init: SpriteEffectColor_false_0_1_0
6-8-2024 22:25:00 - log: [Scene] init: SpriteEffectColor_false_0_1_0
6-8-2024 22:25:00 - log: [Scene] init: SpriteEffectColor_false_0_1_0
6-8-2024 22:25:00 - log: [Scene] init: SpriteEffectColor_false_0_1_0
6-8-2024 22:25:00 - log: [Scene] init: SpriteEffectColor_false_0_1_0
6-8-2024 22:25:00 - log: [Scene] init: SpriteEffectColor_false_0_1_0
6-8-2024 22:25:00 - log: [Scene] init: SpriteEffectColor_false_0_1_0
6-8-2024 22:25:00 - log: [Scene] init: SpriteEffectColor_false_0_1_0
6-8-2024 22:25:00 - log: [Scene] init: SpriteEffectColor_false_0_1_0
6-8-2024 22:25:00 - log: [Scene] init: SpriteEffectColor_false_0_1_0
6-8-2024 22:25:00 - log: [Scene] init: SpriteEffectColor_false_0_1_0
6-8-2024 22:25:00 - log: [Scene] init: SpriteEffectColor_false_0_1_0
6-8-2024 22:25:00 - log: [Scene] init: SpriteEffectColor_false_0_1_0
6-8-2024 22:25:00 - log: [Scene] init: SpriteEffectColor_false_0_1_0
6-8-2024 22:25:00 - log: [Scene] init: SpriteEffectColor_false_0_1_0
6-8-2024 22:25:00 - log: [Scene] init: SpriteEffectColor_false_0_1_0
6-8-2024 22:25:00 - log: [Scene] init: SpriteEffectColor_false_0_1_0
6-8-2024 22:25:00 - log: [Scene] init: SpriteEffectColor_false_0_1_0
6-8-2024 22:25:00 - log: [Scene] init: SpriteEffectColor_false_0_1_0
6-8-2024 22:25:00 - log: [Scene] init: SpriteEffectColor_false_0_1_0
6-8-2024 22:25:00 - log: [Scene] init: SpriteEffectColor_false_0_1_0
6-8-2024 22:25:00 - log: [Scene] init: SpriteEffectColor_false_0_1_0
6-8-2024 22:25:00 - log: [Scene] init: SpriteEffectColor_false_0_1_0
6-8-2024 22:25:00 - log: [Scene] init: SpriteEffectColor_false_0_1_0
6-8-2024 22:25:00 - log: [Scene] init: SpriteEffectColor_false_0_1_0
6-8-2024 22:25:00 - log: [Scene] init: SpriteEffectColor_false_0_1_0
6-8-2024 22:25:00 - log: [Scene] init: SpriteEffectColor_false_0_1_0
6-8-2024 22:25:00 - log: [Scene] init: SpriteEffectColor_false_0_1_0
6-8-2024 22:25:00 - log: [Scene] init: SpriteEffectColor_false_0_1_0
6-8-2024 22:25:00 - log: [Scene] init: SpriteEffectColor_false_0_1_0
6-8-2024 22:25:00 - log: [Scene] init: SpriteEffectColor_false_0_1_0
6-8-2024 22:25:00 - log: [Scene] init: SpriteEffectColor_false_0_1_0
6-8-2024 22:25:00 - log: [Scene] init: SpriteEffectColor_false_0_1_0
6-8-2024 22:25:00 - log: [Scene] init: SpriteEffectColor_false_0_1_0
6-8-2024 22:25:00 - log: [Scene] init: SpriteEffectColor_false_0_1_0
6-8-2024 22:25:00 - log: [Scene] init: SpriteEffectColor_false_0_1_0
6-8-2024 22:25:00 - log: [Scene] init: SpriteEffectColor_false_0_1_0
6-8-2024 22:25:00 - log: [Scene] init: SpriteEffectColor_false_0_1_0
6-8-2024 22:25:00 - log: [Scene] init: SpriteEffectColor_false_0_1_0
6-8-2024 22:25:00 - log: [Scene] init: SpriteEffectColor_false_0_1_0
6-8-2024 22:25:00 - log: [Scene] init: SpriteEffectColor_false_0_1_0
6-8-2024 22:25:00 - log: [Scene] init: SpriteEffectColor_false_0_1_0
6-8-2024 22:25:00 - log: [Scene] init: SpriteEffectColor_false_0_1_0
6-8-2024 22:25:00 - log: [Scene] init: SpriteEffectColor_false_0_1_0
6-8-2024 22:25:00 - log: [Scene] init: SpriteEffectColor_false_0_1_0
6-8-2024 22:25:00 - log: [Scene] init: SpriteEffectColor_false_0_1_0
6-8-2024 22:25:00 - log: [Scene] init: SpriteEffectColor_false_0_1_0
6-8-2024 22:25:00 - log: [Scene] init: SpriteEffectColor_false_0_1_0
6-8-2024 22:25:00 - log: [Scene] init: SpriteEffectColor_false_0_1_0
6-8-2024 22:25:00 - log: [Scene] init: SpriteEffectColor_false_0_1_0
6-8-2024 22:25:00 - log: [Scene] init: SpriteEffectColor_false_0_1_0
6-8-2024 22:25:00 - log: [Scene] init: SpriteEffectColor_false_0_1_0
6-8-2024 22:25:00 - log: [Scene] init: SpriteEffectColor_false_0_1_0
6-8-2024 22:25:00 - log: [Scene] init: SpriteEffectColor_false_0_1_0
6-8-2024 22:25:00 - log: [Scene] init: SpriteEffectColor_false_0_1_0
6-8-2024 22:25:00 - log: [Scene] init: SpriteEffectColor_false_0_1_0
6-8-2024 22:25:00 - log: [Scene] init: SpriteEffectColor_false_0_1_0
6-8-2024 22:25:00 - log: [Scene] init: SpriteEffectColor_false_0_1_0
6-8-2024 22:25:00 - log: [Scene] init: SpriteEffectColor_false_0_1_0
6-8-2024 22:25:00 - log: [Scene] init: SpriteEffectColor_false_0_1_0
6-8-2024 22:25:00 - log: [Scene] init: SpriteEffectColor_false_0_1_0
6-8-2024 22:25:00 - log: [Scene] init: SpriteEffectColor_false_0_1_0
6-8-2024 22:25:00 - log: [Scene] init: SpriteEffectColor_false_0_1_0
6-8-2024 22:25:00 - log: [Scene] init: SpriteEffectColor_false_0_1_0
6-8-2024 22:25:00 - log: [Scene] init: SpriteEffectColor_false_0_1_0
6-8-2024 22:25:00 - log: [Scene] init: SpriteEffectColor_false_0_1_0
6-8-2024 22:25:00 - log: [Scene] init: SpriteEffectColor_false_0_1_0
6-8-2024 22:25:00 - log: [Scene] init: SpriteEffectColor_false_0_1_0
6-8-2024 22:25:00 - log: [Scene] init: SpriteEffectColor_false_0_1_0
6-8-2024 22:25:00 - log: [Scene] init: SpriteEffectColor_false_0_1_0
6-8-2024 22:25:00 - log: [Scene] init: SpriteEffectColor_false_0_1_0
6-8-2024 22:25:00 - log: [Scene] init: SpriteEffectColor_false_0_1_0
6-8-2024 22:25:00 - log: [Scene] init: SpriteEffectColor_false_0_1_0
6-8-2024 22:25:00 - log: [Scene] init: SpriteEffectColor_false_0_1_0
6-8-2024 22:25:00 - log: [Scene] init: SpriteEffectColor_false_0_1_0
6-8-2024 22:25:00 - log: [Scene] init: SpriteEffectColor_false_0_1_0
6-8-2024 22:25:00 - log: [Scene] init: SpriteEffectColor_false_0_1_0
6-8-2024 22:25:00 - log: [Scene] init: SpriteEffectColor_false_0_1_0
6-8-2024 22:25:00 - log: [Scene] init: SpriteEffectColor_false_0_1_0
6-8-2024 22:25:00 - log: [Scene] init: SpriteEffectColor_false_0_1_0
6-8-2024 22:25:00 - log: [Scene] init: SpriteEffectColor_false_0_1_0
6-8-2024 22:25:00 - log: [Scene] init: SpriteEffectColor_false_0_1_0
6-8-2024 22:25:00 - log: [Scene] init: SpriteEffectColor_false_0_1_0
6-8-2024 22:25:00 - log: [Scene] init: SpriteEffectColor_false_0_1_0
6-8-2024 22:25:00 - log: [Scene] init: SpriteEffectColor_false_0_1_0
6-8-2024 22:25:00 - log: [Scene] init: SpriteEffectColor_false_0_1_0
6-8-2024 22:25:00 - log: [Scene] init: SpriteEffectColor_false_0_1_0
6-8-2024 22:25:00 - log: [Scene] init: SpriteEffectColor_false_0_1_0
6-8-2024 22:25:00 - log: [Scene] init: SpriteEffectColor_false_0_1_0
6-8-2024 22:25:00 - log: [Scene] init: SpriteEffectColor_false_0_1_0
6-8-2024 22:25:00 - log: [Scene] init: SpriteEffectColor_false_0_1_0
6-8-2024 22:25:00 - log: [Scene] init: SpriteEffectColor_false_0_1_0
6-8-2024 22:25:00 - log: [Scene] init: SpriteEffectColor_false_0_1_0
6-8-2024 22:25:00 - log: [Scene] init: SpriteEffectColor_false_0_1_0
6-8-2024 22:25:00 - log: [Scene] init: SpriteEffectColor_false_0_1_0
6-8-2024 22:25:00 - log: [Scene] init: SpriteEffectColor_false_0_1_0
6-8-2024 22:25:00 - log: [Scene] init: SpriteEffectColor_false_0_1_0
6-8-2024 22:25:00 - log: [Scene] init: SpriteEffectColor_false_0_1_0
6-8-2024 22:25:00 - log: [Scene] init: SpriteEffectColor_false_0_1_0
6-8-2024 22:25:00 - log: [Scene] init: SpriteEffectColor_false_0_1_0
6-8-2024 22:25:00 - log: [Scene] init: SpriteEffectColor_false_0_1_0
6-8-2024 22:25:00 - log: [Scene] init: SpriteEffectColor_false_0_1_0
6-8-2024 22:25:00 - log: [Scene] init: SpriteEffectColor_false_0_1_0
6-8-2024 22:25:00 - log: [Scene] init: SpriteEffectColor_false_0_1_0
6-8-2024 22:25:00 - log: [Scene] init: SpriteEffectColor_false_0_1_0
6-8-2024 22:25:00 - log: [Scene] init: SpriteEffectColor_false_0_1_0
6-8-2024 22:25:00 - log: [Scene] init: SpriteEffectColor_false_0_1_0
6-8-2024 22:25:00 - log: [Scene] init: SpriteEffectColor_false_0_1_0
6-8-2024 22:25:00 - log: [Scene] init: SpriteEffectColor_false_0_1_0
6-8-2024 22:25:00 - log: [Scene] init: SpriteEffectColor_false_0_1_0
6-8-2024 22:25:00 - log: [Scene] init: SpriteEffectColor_false_0_1_0
6-8-2024 22:25:00 - log: [Scene] init: SpriteEffectColor_false_0_1_0
6-8-2024 22:25:00 - log: [Scene] init: SpriteEffectColor_false_0_1_0
6-8-2024 22:25:00 - log: [Scene] init: SpriteEffectColor_false_0_1_0
6-8-2024 22:25:00 - log: [Scene] init: SpriteEffectColor_false_0_1_0
6-8-2024 22:25:00 - log: [Scene] init: SpriteEffectColor_false_0_1_0
6-8-2024 22:25:00 - log: [Scene] init: SpriteEffectColor_false_0_1_0
6-8-2024 22:25:00 - log: [Scene] init: SpriteEffectColor_false_0_1_0
6-8-2024 22:25:00 - log: [Scene] init: SpriteEffectColor_false_0_1_0
6-8-2024 22:25:00 - log: [Scene] init: SpriteEffectColor_false_0_1_0
6-8-2024 22:25:00 - log: [Scene] init: SpriteEffectColor_false_0_1_0
6-8-2024 22:25:00 - log: [Scene] init: SpriteEffectColor_false_0_1_0
6-8-2024 22:25:00 - log: [Scene] init: SpriteEffectColor_false_0_1_0
6-8-2024 22:25:00 - log: [Scene] init: SpriteEffectColor_false_0_1_0
6-8-2024 22:25:00 - log: [Scene] init: SpriteEffectColor_false_0_1_0
6-8-2024 22:25:00 - log: [Scene] init: SpriteEffectColor_false_0_1_0
6-8-2024 22:25:00 - log: [Scene] init: SpriteEffectColor_false_0_1_0
6-8-2024 22:25:00 - log: [Scene] init: SpriteEffectColor_false_0_1_0
6-8-2024 22:25:00 - log: [Scene] init: SpriteEffectColor_false_0_1_0
6-8-2024 22:25:00 - log: [Scene] init: SpriteEffectColor_false_0_1_0
6-8-2024 22:25:00 - log: [Scene] init: SpriteEffectColor_false_0_1_0
6-8-2024 22:25:00 - log: [Scene] init: SpriteEffectColor_false_0_1_0
6-8-2024 22:25:00 - log: [Scene] init: SpriteEffectColor_false_0_1_0
6-8-2024 22:25:00 - log: [Scene] init: SpriteEffectColor_false_0_1_0
6-8-2024 22:25:00 - log: [Scene] init: SpriteEffectColor_false_0_1_0
6-8-2024 22:25:00 - log: [Scene] init: SpriteEffectColor_false_0_1_0
6-8-2024 22:25:00 - log: [Scene] init: SpriteEffectColor_false_0_1_0
6-8-2024 22:25:00 - log: [Scene] init: SpriteEffectColor_false_0_1_0
6-8-2024 22:25:00 - log: [Scene] init: SpriteEffectColor_false_0_1_0
6-8-2024 22:25:00 - log: [Scene] init: SpriteEffectColor_false_0_1_0
6-8-2024 22:25:00 - log: [Scene] init: SpriteEffectColor_false_0_1_0
