22:24:50 debug: 2024/6/8 下午10:24:50
22:24:50 debug: Project: /Users/kengyulin/Documents/MyProject/CC/CC3.SpriteEffect.DemoProject
22:24:50 debug: Targets: editor,preview
22:24:50 debug: Incremental file seems great.
22:24:50 debug: Engine path: /Applications/Cocos/Creator/3.8.2/CocosCreator.app/Contents/Resources/resources/3d/engine
22:24:50 debug: Initializing target [Editor]
22:24:50 debug: Loading cache
22:24:50 debug: Loading cache costs 2.0560829639434814ms.
22:24:50 debug: Engine features shipped in editor: base,gfx-webgl,gfx-webgl2,gfx-empty,3d,animation,skeletal-animation,2d,ui,particle,particle-2d,physics-framework,physics-2d-framework,physics-2d-box2d-wasm,intersection-2d,primitive,profiler,occlusion-query,geometry-renderer,debug-renderer,audio,video,xr,light-probe,terrain,webview,tween,tiled-map,spine,dragon-bones,marionette,procedural-animation,custom-pipeline,websocket,websocket-server
22:24:50 debug: Our import map(foo:/bar): {
  "imports": {
    "cc": "cce:/internal/x/cc"
  }
}
22:24:50 debug: Initializing target [Preview]
22:24:50 debug: Loading cache
22:24:50 debug: Loading cache costs 1.6789159774780273ms.
22:24:50 debug: Our import map(foo:/bar): {
  "imports": {
    "cc": "cce:/internal/x/cc"
  }
}
22:24:50 debug: Sync engine features: 2d,3d,animation,audio,base,dragon-bones,gfx-webgl,gfx-webgl2,intersection-2d,light-probe,marionette,particle,particle-2d,physics-2d-box2d,physics-ammo,primitive,profiler,skeletal-animation,spine,terrain,tiled-map,tween,ui,video,websocket,webview
22:24:50 debug: Reset databases. Enumerated domains: [
  {
    "root": "db://internal/",
    "physical": "/Applications/Cocos/Creator/3.8.2/CocosCreator.app/Contents/Resources/resources/3d/engine/editor/assets"
  },
  {
    "root": "db://assets/",
    "physical": "/Users/kengyulin/Documents/MyProject/CC/CC3.SpriteEffect.DemoProject/assets"
  },
  {
    "root": "db://sprite_effect/",
    "physical": "/Users/kengyulin/Documents/MyProject/CC/CC3.SpriteEffect.DemoProject/extensions/sprite-effect/source/assets",
    "jail": "/Users/kengyulin/Documents/MyProject/CC/CC3.SpriteEffect.DemoProject/extensions/sprite-effect/source/assets"
  }
]
22:24:50 debug: Our import map(foo:/bar): {
  "imports": {
    "cc": "cce:/internal/x/cc",
    "db://internal/": "file:///Applications/Cocos/Creator/3.8.2/CocosCreator.app/Contents/Resources/resources/3d/engine/editor/assets/",
    "db://assets/": "file:///Users/kengyulin/Documents/MyProject/CC/CC3.SpriteEffect.DemoProject/assets/",
    "db://sprite_effect/": "file:///Users/kengyulin/Documents/MyProject/CC/CC3.SpriteEffect.DemoProject/extensions/sprite-effect/source/assets/"
  }
}
22:24:50 debug: Our import map(foo:/bar): {
  "imports": {
    "cc": "cce:/internal/x/cc",
    "db://internal/": "file:///Applications/Cocos/Creator/3.8.2/CocosCreator.app/Contents/Resources/resources/3d/engine/editor/assets/",
    "db://assets/": "file:///Users/kengyulin/Documents/MyProject/CC/CC3.SpriteEffect.DemoProject/assets/",
    "db://sprite_effect/": "file:///Users/kengyulin/Documents/MyProject/CC/CC3.SpriteEffect.DemoProject/extensions/sprite-effect/source/assets/"
  }
}
22:24:50 debug: Pulling asset-db.
22:24:50 debug: Fetch asset-db cost: 15.690041065216064ms.
22:24:50 debug: Build iteration starts.
Number of accumulated asset changes: 16
Feature changed: false
22:24:50 debug: Target(editor) build started.
22:24:50 debug: Detected change: cce:/internal/x/cc. Last mtime: Thu Jan 01 1970 08:00:08 GMT+0800 (台北標準時間), Current mtime: Thu Jan 01 1970 08:00:12 GMT+0800 (台北標準時間)
22:24:50 debug: Inspect cce:/internal/x/cc
22:24:50 debug: Resolve cce:/internal/x/cc-fu/base from cce:/internal/x/cc as external dependency cce:/internal/x/cc-fu/base.
22:24:50 debug: Resolve cce:/internal/x/cc-fu/gfx-webgl from cce:/internal/x/cc as external dependency cce:/internal/x/cc-fu/gfx-webgl.
22:24:50 debug: Resolve cce:/internal/x/cc-fu/gfx-webgl2 from cce:/internal/x/cc as external dependency cce:/internal/x/cc-fu/gfx-webgl2.
22:24:50 debug: Resolve cce:/internal/x/cc-fu/gfx-empty from cce:/internal/x/cc as external dependency cce:/internal/x/cc-fu/gfx-empty.
22:24:50 debug: Resolve cce:/internal/x/cc-fu/3d from cce:/internal/x/cc as external dependency cce:/internal/x/cc-fu/3d.
22:24:50 debug: Resolve cce:/internal/x/cc-fu/animation from cce:/internal/x/cc as external dependency cce:/internal/x/cc-fu/animation.
22:24:50 debug: Resolve cce:/internal/x/cc-fu/skeletal-animation from cce:/internal/x/cc as external dependency cce:/internal/x/cc-fu/skeletal-animation.
22:24:50 debug: Resolve cce:/internal/x/cc-fu/2d from cce:/internal/x/cc as external dependency cce:/internal/x/cc-fu/2d.
22:24:50 debug: Resolve cce:/internal/x/cc-fu/sorting from cce:/internal/x/cc as external dependency cce:/internal/x/cc-fu/sorting.
22:24:50 debug: Resolve cce:/internal/x/cc-fu/ui from cce:/internal/x/cc as external dependency cce:/internal/x/cc-fu/ui.
22:24:50 debug: Resolve cce:/internal/x/cc-fu/particle from cce:/internal/x/cc as external dependency cce:/internal/x/cc-fu/particle.
22:24:50 debug: Resolve cce:/internal/x/cc-fu/particle-2d from cce:/internal/x/cc as external dependency cce:/internal/x/cc-fu/particle-2d.
22:24:50 debug: Resolve cce:/internal/x/cc-fu/physics-framework from cce:/internal/x/cc as external dependency cce:/internal/x/cc-fu/physics-framework.
22:24:50 debug: Resolve cce:/internal/x/cc-fu/physics-2d-framework from cce:/internal/x/cc as external dependency cce:/internal/x/cc-fu/physics-2d-framework.
22:24:50 debug: Resolve cce:/internal/x/cc-fu/physics-2d-box2d-wasm from cce:/internal/x/cc as external dependency cce:/internal/x/cc-fu/physics-2d-box2d-wasm.
22:24:50 debug: Resolve cce:/internal/x/cc-fu/intersection-2d from cce:/internal/x/cc as external dependency cce:/internal/x/cc-fu/intersection-2d.
22:24:50 debug: Resolve cce:/internal/x/cc-fu/primitive from cce:/internal/x/cc as external dependency cce:/internal/x/cc-fu/primitive.
22:24:50 debug: Resolve cce:/internal/x/cc-fu/profiler from cce:/internal/x/cc as external dependency cce:/internal/x/cc-fu/profiler.
22:24:50 debug: Resolve cce:/internal/x/cc-fu/geometry-renderer from cce:/internal/x/cc as external dependency cce:/internal/x/cc-fu/geometry-renderer.
22:24:50 debug: Resolve cce:/internal/x/cc-fu/audio from cce:/internal/x/cc as external dependency cce:/internal/x/cc-fu/audio.
22:24:50 debug: Resolve cce:/internal/x/cc-fu/video from cce:/internal/x/cc as external dependency cce:/internal/x/cc-fu/video.
22:24:50 debug: Resolve cce:/internal/x/cc-fu/xr from cce:/internal/x/cc as external dependency cce:/internal/x/cc-fu/xr.
22:24:50 debug: Resolve cce:/internal/x/cc-fu/light-probe from cce:/internal/x/cc as external dependency cce:/internal/x/cc-fu/light-probe.
22:24:50 debug: Resolve cce:/internal/x/cc-fu/terrain from cce:/internal/x/cc as external dependency cce:/internal/x/cc-fu/terrain.
22:24:50 debug: Resolve cce:/internal/x/cc-fu/webview from cce:/internal/x/cc as external dependency cce:/internal/x/cc-fu/webview.
22:24:50 debug: Resolve cce:/internal/x/cc-fu/tween from cce:/internal/x/cc as external dependency cce:/internal/x/cc-fu/tween.
22:24:50 debug: Resolve cce:/internal/x/cc-fu/tiled-map from cce:/internal/x/cc as external dependency cce:/internal/x/cc-fu/tiled-map.
22:24:50 debug: Resolve cce:/internal/x/cc-fu/spine from cce:/internal/x/cc as external dependency cce:/internal/x/cc-fu/spine.
22:24:50 debug: Resolve cce:/internal/x/cc-fu/dragon-bones from cce:/internal/x/cc as external dependency cce:/internal/x/cc-fu/dragon-bones.
22:24:50 debug: Resolve cce:/internal/x/cc-fu/custom-pipeline from cce:/internal/x/cc as external dependency cce:/internal/x/cc-fu/custom-pipeline.
22:24:50 debug: Detected change: cce:/internal/x/prerequisite-imports. Last mtime: Thu Jan 01 1970 08:00:09 GMT+0800 (台北標準時間), Current mtime: Thu Jan 01 1970 08:00:12 GMT+0800 (台北標準時間)
22:24:50 debug: Inspect cce:/internal/x/prerequisite-imports
22:24:50 debug: Resolve file:///Applications/Cocos/Creator/3.8.2/CocosCreator.app/Contents/Resources/resources/3d/engine/editor/assets/tools/debug-view-runtime-control.ts from cce:/internal/x/prerequisite-imports as file:///Applications/Cocos/Creator/3.8.2/CocosCreator.app/Contents/Resources/resources/3d/engine/editor/assets/tools/debug-view-runtime-control.ts.
22:24:50 debug: Resolve cc from file:///Applications/Cocos/Creator/3.8.2/CocosCreator.app/Contents/Resources/resources/3d/engine/editor/assets/tools/debug-view-runtime-control.ts as cce:/internal/x/cc.
22:24:50 debug: Resolve cc from file:///Applications/Cocos/Creator/3.8.2/CocosCreator.app/Contents/Resources/resources/3d/engine/editor/assets/tools/debug-view-runtime-control.ts as cce:/internal/x/cc.
22:24:50 debug: Resolve cc from file:///Applications/Cocos/Creator/3.8.2/CocosCreator.app/Contents/Resources/resources/3d/engine/editor/assets/tools/debug-view-runtime-control.ts as cce:/internal/x/cc.
22:24:50 debug: Resolve file:///Users/kengyulin/Documents/MyProject/CC/CC3.SpriteEffect.DemoProject/assets/script/ProfileInfo.ts from cce:/internal/x/prerequisite-imports as file:///Users/kengyulin/Documents/MyProject/CC/CC3.SpriteEffect.DemoProject/assets/script/ProfileInfo.ts.
22:24:50 debug: Resolve cc from file:///Users/kengyulin/Documents/MyProject/CC/CC3.SpriteEffect.DemoProject/assets/script/ProfileInfo.ts as cce:/internal/x/cc.
22:24:50 debug: Resolve cc from file:///Users/kengyulin/Documents/MyProject/CC/CC3.SpriteEffect.DemoProject/assets/script/ProfileInfo.ts as cce:/internal/x/cc.
22:24:50 debug: Resolve cc from file:///Users/kengyulin/Documents/MyProject/CC/CC3.SpriteEffect.DemoProject/assets/script/ProfileInfo.ts as cce:/internal/x/cc.
22:24:50 debug: Resolve file:///Users/kengyulin/Documents/MyProject/CC/CC3.SpriteEffect.DemoProject/assets/script/RandomColor.ts from cce:/internal/x/prerequisite-imports as file:///Users/kengyulin/Documents/MyProject/CC/CC3.SpriteEffect.DemoProject/assets/script/RandomColor.ts.
22:24:50 debug: Resolve cce:/internal/code-quality/cr.mjs from file:///Users/kengyulin/Documents/MyProject/CC/CC3.SpriteEffect.DemoProject/assets/script/RandomColor.ts as cce:/internal/code-quality/cr.mjs.
22:24:50 debug: Detected change: cce:/internal/code-quality/cr.mjs. Last mtime: Sat Jun 08 2024 20:44:29 GMT+0800 (台北標準時間), Current mtime: Sat Jun 08 2024 22:24:38 GMT+0800 (台北標準時間)
22:24:50 debug: Inspect cce:/internal/code-quality/cr.mjs
22:24:50 debug: Resolve cc from file:///Users/kengyulin/Documents/MyProject/CC/CC3.SpriteEffect.DemoProject/assets/script/RandomColor.ts as cce:/internal/x/cc.
22:24:50 debug: Resolve cc from file:///Users/kengyulin/Documents/MyProject/CC/CC3.SpriteEffect.DemoProject/assets/script/RandomColor.ts as cce:/internal/x/cc.
22:24:50 debug: Resolve cc from file:///Users/kengyulin/Documents/MyProject/CC/CC3.SpriteEffect.DemoProject/assets/script/RandomColor.ts as cce:/internal/x/cc.
22:24:50 debug: Resolve ../../extensions/sprite-effect/source/assets/comp/SpriteEffectBase from file:///Users/kengyulin/Documents/MyProject/CC/CC3.SpriteEffect.DemoProject/assets/script/RandomColor.ts as file:///Users/kengyulin/Documents/MyProject/CC/CC3.SpriteEffect.DemoProject/extensions/sprite-effect/source/assets/comp/SpriteEffectBase.ts.
22:24:50 debug: Detected change: file:///Users/kengyulin/Documents/MyProject/CC/CC3.SpriteEffect.DemoProject/extensions/sprite-effect/source/assets/comp/SpriteEffectBase.ts. Last mtime: Sat Jun 08 2024 10:01:58 GMT+0800 (台北標準時間)@db29d15f-52ac-4502-bf5f-9ffb600ef784, Current mtime: Sat Jun 08 2024 22:23:25 GMT+0800 (台北標準時間)@db29d15f-52ac-4502-bf5f-9ffb600ef784
22:24:50 debug: Inspect file:///Users/kengyulin/Documents/MyProject/CC/CC3.SpriteEffect.DemoProject/extensions/sprite-effect/source/assets/comp/SpriteEffectBase.ts
22:24:50 debug: Resolve cc from file:///Users/kengyulin/Documents/MyProject/CC/CC3.SpriteEffect.DemoProject/extensions/sprite-effect/source/assets/comp/SpriteEffectBase.ts as cce:/internal/x/cc.
22:24:50 debug: Resolve cc from file:///Users/kengyulin/Documents/MyProject/CC/CC3.SpriteEffect.DemoProject/extensions/sprite-effect/source/assets/comp/SpriteEffectBase.ts as cce:/internal/x/cc.
22:24:50 debug: Resolve cc from file:///Users/kengyulin/Documents/MyProject/CC/CC3.SpriteEffect.DemoProject/extensions/sprite-effect/source/assets/comp/SpriteEffectBase.ts as cce:/internal/x/cc.
22:24:50 debug: Resolve cc/env from file:///Users/kengyulin/Documents/MyProject/CC/CC3.SpriteEffect.DemoProject/extensions/sprite-effect/source/assets/comp/SpriteEffectBase.ts as external dependency cc/env.
22:24:50 debug: Resolve file:///Users/kengyulin/Documents/MyProject/CC/CC3.SpriteEffect.DemoProject/extensions/sprite-effect/source/assets/comp/SpriteEffectBase.ts from cce:/internal/x/prerequisite-imports as file:///Users/kengyulin/Documents/MyProject/CC/CC3.SpriteEffect.DemoProject/extensions/sprite-effect/source/assets/comp/SpriteEffectBase.ts.
22:24:50 debug: Resolve file:///Users/kengyulin/Documents/MyProject/CC/CC3.SpriteEffect.DemoProject/extensions/sprite-effect/source/assets/comp/SpriteEffectColor.ts from cce:/internal/x/prerequisite-imports as file:///Users/kengyulin/Documents/MyProject/CC/CC3.SpriteEffect.DemoProject/extensions/sprite-effect/source/assets/comp/SpriteEffectColor.ts.
22:24:50 debug: Detected change: file:///Users/kengyulin/Documents/MyProject/CC/CC3.SpriteEffect.DemoProject/extensions/sprite-effect/source/assets/comp/SpriteEffectColor.ts. Last mtime: Sat Jun 08 2024 10:24:09 GMT+0800 (台北標準時間)@c649606f-d1dc-4002-94a8-520e368792f3, Current mtime: Sat Jun 08 2024 22:23:25 GMT+0800 (台北標準時間)@c649606f-d1dc-4002-94a8-520e368792f3
22:24:50 debug: Inspect file:///Users/kengyulin/Documents/MyProject/CC/CC3.SpriteEffect.DemoProject/extensions/sprite-effect/source/assets/comp/SpriteEffectColor.ts
22:24:50 debug: Resolve cce:/internal/code-quality/cr.mjs from file:///Users/kengyulin/Documents/MyProject/CC/CC3.SpriteEffect.DemoProject/extensions/sprite-effect/source/assets/comp/SpriteEffectColor.ts as cce:/internal/code-quality/cr.mjs.
22:24:50 debug: Resolve cc from file:///Users/kengyulin/Documents/MyProject/CC/CC3.SpriteEffect.DemoProject/extensions/sprite-effect/source/assets/comp/SpriteEffectColor.ts as cce:/internal/x/cc.
22:24:50 debug: Resolve cc from file:///Users/kengyulin/Documents/MyProject/CC/CC3.SpriteEffect.DemoProject/extensions/sprite-effect/source/assets/comp/SpriteEffectColor.ts as cce:/internal/x/cc.
22:24:50 debug: Resolve cc from file:///Users/kengyulin/Documents/MyProject/CC/CC3.SpriteEffect.DemoProject/extensions/sprite-effect/source/assets/comp/SpriteEffectColor.ts as cce:/internal/x/cc.
22:24:50 debug: Resolve cc/env from file:///Users/kengyulin/Documents/MyProject/CC/CC3.SpriteEffect.DemoProject/extensions/sprite-effect/source/assets/comp/SpriteEffectColor.ts as external dependency cc/env.
22:24:50 debug: Resolve ./SpriteEffectBase from file:///Users/kengyulin/Documents/MyProject/CC/CC3.SpriteEffect.DemoProject/extensions/sprite-effect/source/assets/comp/SpriteEffectColor.ts as file:///Users/kengyulin/Documents/MyProject/CC/CC3.SpriteEffect.DemoProject/extensions/sprite-effect/source/assets/comp/SpriteEffectBase.ts.
22:24:50 debug: Resolve file:///Users/kengyulin/Documents/MyProject/CC/CC3.SpriteEffect.DemoProject/extensions/sprite-effect/source/assets/comp/SpriteEffectColorizing.ts from cce:/internal/x/prerequisite-imports as file:///Users/kengyulin/Documents/MyProject/CC/CC3.SpriteEffect.DemoProject/extensions/sprite-effect/source/assets/comp/SpriteEffectColorizing.ts.
22:24:50 debug: Detected change: file:///Users/kengyulin/Documents/MyProject/CC/CC3.SpriteEffect.DemoProject/extensions/sprite-effect/source/assets/comp/SpriteEffectColorizing.ts. Last mtime: Sat Jun 08 2024 10:30:42 GMT+0800 (台北標準時間)@20603cc1-a0a1-4b37-8439-57a90477d4bb, Current mtime: Sat Jun 08 2024 22:23:25 GMT+0800 (台北標準時間)@20603cc1-a0a1-4b37-8439-57a90477d4bb
22:24:50 debug: Inspect file:///Users/kengyulin/Documents/MyProject/CC/CC3.SpriteEffect.DemoProject/extensions/sprite-effect/source/assets/comp/SpriteEffectColorizing.ts
22:24:50 debug: Resolve cce:/internal/code-quality/cr.mjs from file:///Users/kengyulin/Documents/MyProject/CC/CC3.SpriteEffect.DemoProject/extensions/sprite-effect/source/assets/comp/SpriteEffectColorizing.ts as cce:/internal/code-quality/cr.mjs.
22:24:50 debug: Resolve cc from file:///Users/kengyulin/Documents/MyProject/CC/CC3.SpriteEffect.DemoProject/extensions/sprite-effect/source/assets/comp/SpriteEffectColorizing.ts as cce:/internal/x/cc.
22:24:50 debug: Resolve cc from file:///Users/kengyulin/Documents/MyProject/CC/CC3.SpriteEffect.DemoProject/extensions/sprite-effect/source/assets/comp/SpriteEffectColorizing.ts as cce:/internal/x/cc.
22:24:50 debug: Resolve cc from file:///Users/kengyulin/Documents/MyProject/CC/CC3.SpriteEffect.DemoProject/extensions/sprite-effect/source/assets/comp/SpriteEffectColorizing.ts as cce:/internal/x/cc.
22:24:50 debug: Resolve cc/env from file:///Users/kengyulin/Documents/MyProject/CC/CC3.SpriteEffect.DemoProject/extensions/sprite-effect/source/assets/comp/SpriteEffectColorizing.ts as external dependency cc/env.
22:24:50 debug: Resolve ./SpriteEffectBase from file:///Users/kengyulin/Documents/MyProject/CC/CC3.SpriteEffect.DemoProject/extensions/sprite-effect/source/assets/comp/SpriteEffectColorizing.ts as file:///Users/kengyulin/Documents/MyProject/CC/CC3.SpriteEffect.DemoProject/extensions/sprite-effect/source/assets/comp/SpriteEffectBase.ts.
22:24:50 debug: Resolve file:///Users/kengyulin/Documents/MyProject/CC/CC3.SpriteEffect.DemoProject/extensions/sprite-effect/source/assets/comp/SpriteEffectDisappear.ts from cce:/internal/x/prerequisite-imports as file:///Users/kengyulin/Documents/MyProject/CC/CC3.SpriteEffect.DemoProject/extensions/sprite-effect/source/assets/comp/SpriteEffectDisappear.ts.
22:24:50 debug: Detected change: file:///Users/kengyulin/Documents/MyProject/CC/CC3.SpriteEffect.DemoProject/extensions/sprite-effect/source/assets/comp/SpriteEffectDisappear.ts. Last mtime: Sat Jun 08 2024 10:30:19 GMT+0800 (台北標準時間)@4c31eaca-8ced-483a-8ae5-f5c0661ee052, Current mtime: Sat Jun 08 2024 22:23:25 GMT+0800 (台北標準時間)@4c31eaca-8ced-483a-8ae5-f5c0661ee052
22:24:50 debug: Inspect file:///Users/kengyulin/Documents/MyProject/CC/CC3.SpriteEffect.DemoProject/extensions/sprite-effect/source/assets/comp/SpriteEffectDisappear.ts
22:24:50 debug: Resolve cce:/internal/code-quality/cr.mjs from file:///Users/kengyulin/Documents/MyProject/CC/CC3.SpriteEffect.DemoProject/extensions/sprite-effect/source/assets/comp/SpriteEffectDisappear.ts as cce:/internal/code-quality/cr.mjs.
22:24:50 debug: Resolve cc from file:///Users/kengyulin/Documents/MyProject/CC/CC3.SpriteEffect.DemoProject/extensions/sprite-effect/source/assets/comp/SpriteEffectDisappear.ts as cce:/internal/x/cc.
22:24:50 debug: Resolve cc from file:///Users/kengyulin/Documents/MyProject/CC/CC3.SpriteEffect.DemoProject/extensions/sprite-effect/source/assets/comp/SpriteEffectDisappear.ts as cce:/internal/x/cc.
22:24:50 debug: Resolve cc from file:///Users/kengyulin/Documents/MyProject/CC/CC3.SpriteEffect.DemoProject/extensions/sprite-effect/source/assets/comp/SpriteEffectDisappear.ts as cce:/internal/x/cc.
22:24:50 debug: Resolve cc/env from file:///Users/kengyulin/Documents/MyProject/CC/CC3.SpriteEffect.DemoProject/extensions/sprite-effect/source/assets/comp/SpriteEffectDisappear.ts as external dependency cc/env.
22:24:50 debug: Resolve ./SpriteEffectBase from file:///Users/kengyulin/Documents/MyProject/CC/CC3.SpriteEffect.DemoProject/extensions/sprite-effect/source/assets/comp/SpriteEffectDisappear.ts as file:///Users/kengyulin/Documents/MyProject/CC/CC3.SpriteEffect.DemoProject/extensions/sprite-effect/source/assets/comp/SpriteEffectBase.ts.
22:24:50 debug: Resolve file:///Users/kengyulin/Documents/MyProject/CC/CC3.SpriteEffect.DemoProject/extensions/sprite-effect/source/assets/comp/SpriteEffectDissolve.ts from cce:/internal/x/prerequisite-imports as file:///Users/kengyulin/Documents/MyProject/CC/CC3.SpriteEffect.DemoProject/extensions/sprite-effect/source/assets/comp/SpriteEffectDissolve.ts.
22:24:50 debug: Detected change: file:///Users/kengyulin/Documents/MyProject/CC/CC3.SpriteEffect.DemoProject/extensions/sprite-effect/source/assets/comp/SpriteEffectDissolve.ts. Last mtime: Sat Jun 08 2024 10:30:03 GMT+0800 (台北標準時間)@18a89696-13fc-4a56-a91a-8864ce8b7f92, Current mtime: Sat Jun 08 2024 22:23:25 GMT+0800 (台北標準時間)@18a89696-13fc-4a56-a91a-8864ce8b7f92
22:24:50 debug: Inspect file:///Users/kengyulin/Documents/MyProject/CC/CC3.SpriteEffect.DemoProject/extensions/sprite-effect/source/assets/comp/SpriteEffectDissolve.ts
22:24:50 debug: Resolve cce:/internal/code-quality/cr.mjs from file:///Users/kengyulin/Documents/MyProject/CC/CC3.SpriteEffect.DemoProject/extensions/sprite-effect/source/assets/comp/SpriteEffectDissolve.ts as cce:/internal/code-quality/cr.mjs.
22:24:50 debug: Resolve cc from file:///Users/kengyulin/Documents/MyProject/CC/CC3.SpriteEffect.DemoProject/extensions/sprite-effect/source/assets/comp/SpriteEffectDissolve.ts as cce:/internal/x/cc.
22:24:50 debug: Resolve cc from file:///Users/kengyulin/Documents/MyProject/CC/CC3.SpriteEffect.DemoProject/extensions/sprite-effect/source/assets/comp/SpriteEffectDissolve.ts as cce:/internal/x/cc.
22:24:50 debug: Resolve cc from file:///Users/kengyulin/Documents/MyProject/CC/CC3.SpriteEffect.DemoProject/extensions/sprite-effect/source/assets/comp/SpriteEffectDissolve.ts as cce:/internal/x/cc.
22:24:50 debug: Resolve cc/env from file:///Users/kengyulin/Documents/MyProject/CC/CC3.SpriteEffect.DemoProject/extensions/sprite-effect/source/assets/comp/SpriteEffectDissolve.ts as external dependency cc/env.
22:24:50 debug: Resolve ./SpriteEffectBase from file:///Users/kengyulin/Documents/MyProject/CC/CC3.SpriteEffect.DemoProject/extensions/sprite-effect/source/assets/comp/SpriteEffectDissolve.ts as file:///Users/kengyulin/Documents/MyProject/CC/CC3.SpriteEffect.DemoProject/extensions/sprite-effect/source/assets/comp/SpriteEffectBase.ts.
22:24:50 debug: Resolve file:///Users/kengyulin/Documents/MyProject/CC/CC3.SpriteEffect.DemoProject/extensions/sprite-effect/source/assets/comp/SpriteEffectDistort.ts from cce:/internal/x/prerequisite-imports as file:///Users/kengyulin/Documents/MyProject/CC/CC3.SpriteEffect.DemoProject/extensions/sprite-effect/source/assets/comp/SpriteEffectDistort.ts.
22:24:50 debug: Detected change: file:///Users/kengyulin/Documents/MyProject/CC/CC3.SpriteEffect.DemoProject/extensions/sprite-effect/source/assets/comp/SpriteEffectDistort.ts. Last mtime: Sat Jun 08 2024 10:29:45 GMT+0800 (台北標準時間)@c339886a-a3dd-48d7-8aa0-e58c7d40c674, Current mtime: Sat Jun 08 2024 22:23:25 GMT+0800 (台北標準時間)@c339886a-a3dd-48d7-8aa0-e58c7d40c674
22:24:50 debug: Inspect file:///Users/kengyulin/Documents/MyProject/CC/CC3.SpriteEffect.DemoProject/extensions/sprite-effect/source/assets/comp/SpriteEffectDistort.ts
22:24:50 debug: Resolve cce:/internal/code-quality/cr.mjs from file:///Users/kengyulin/Documents/MyProject/CC/CC3.SpriteEffect.DemoProject/extensions/sprite-effect/source/assets/comp/SpriteEffectDistort.ts as cce:/internal/code-quality/cr.mjs.
22:24:50 debug: Resolve cc from file:///Users/kengyulin/Documents/MyProject/CC/CC3.SpriteEffect.DemoProject/extensions/sprite-effect/source/assets/comp/SpriteEffectDistort.ts as cce:/internal/x/cc.
22:24:50 debug: Resolve cc from file:///Users/kengyulin/Documents/MyProject/CC/CC3.SpriteEffect.DemoProject/extensions/sprite-effect/source/assets/comp/SpriteEffectDistort.ts as cce:/internal/x/cc.
22:24:50 debug: Resolve cc from file:///Users/kengyulin/Documents/MyProject/CC/CC3.SpriteEffect.DemoProject/extensions/sprite-effect/source/assets/comp/SpriteEffectDistort.ts as cce:/internal/x/cc.
22:24:50 debug: Resolve cc/env from file:///Users/kengyulin/Documents/MyProject/CC/CC3.SpriteEffect.DemoProject/extensions/sprite-effect/source/assets/comp/SpriteEffectDistort.ts as external dependency cc/env.
22:24:50 debug: Resolve ./SpriteEffectBase from file:///Users/kengyulin/Documents/MyProject/CC/CC3.SpriteEffect.DemoProject/extensions/sprite-effect/source/assets/comp/SpriteEffectDistort.ts as file:///Users/kengyulin/Documents/MyProject/CC/CC3.SpriteEffect.DemoProject/extensions/sprite-effect/source/assets/comp/SpriteEffectBase.ts.
22:24:50 debug: Resolve file:///Users/kengyulin/Documents/MyProject/CC/CC3.SpriteEffect.DemoProject/extensions/sprite-effect/source/assets/comp/SpriteEffectFlowLight.ts from cce:/internal/x/prerequisite-imports as file:///Users/kengyulin/Documents/MyProject/CC/CC3.SpriteEffect.DemoProject/extensions/sprite-effect/source/assets/comp/SpriteEffectFlowLight.ts.
22:24:50 debug: Detected change: file:///Users/kengyulin/Documents/MyProject/CC/CC3.SpriteEffect.DemoProject/extensions/sprite-effect/source/assets/comp/SpriteEffectFlowLight.ts. Last mtime: Sat Jun 08 2024 10:29:36 GMT+0800 (台北標準時間)@fad02f1d-368d-403b-bfc7-6bce3f95b44e, Current mtime: Sat Jun 08 2024 22:23:25 GMT+0800 (台北標準時間)@fad02f1d-368d-403b-bfc7-6bce3f95b44e
22:24:50 debug: Inspect file:///Users/kengyulin/Documents/MyProject/CC/CC3.SpriteEffect.DemoProject/extensions/sprite-effect/source/assets/comp/SpriteEffectFlowLight.ts
22:24:51 debug: Resolve cce:/internal/code-quality/cr.mjs from file:///Users/kengyulin/Documents/MyProject/CC/CC3.SpriteEffect.DemoProject/extensions/sprite-effect/source/assets/comp/SpriteEffectFlowLight.ts as cce:/internal/code-quality/cr.mjs.
22:24:51 debug: Resolve cc from file:///Users/kengyulin/Documents/MyProject/CC/CC3.SpriteEffect.DemoProject/extensions/sprite-effect/source/assets/comp/SpriteEffectFlowLight.ts as cce:/internal/x/cc.
22:24:51 debug: Resolve cc from file:///Users/kengyulin/Documents/MyProject/CC/CC3.SpriteEffect.DemoProject/extensions/sprite-effect/source/assets/comp/SpriteEffectFlowLight.ts as cce:/internal/x/cc.
22:24:51 debug: Resolve cc from file:///Users/kengyulin/Documents/MyProject/CC/CC3.SpriteEffect.DemoProject/extensions/sprite-effect/source/assets/comp/SpriteEffectFlowLight.ts as cce:/internal/x/cc.
22:24:51 debug: Resolve cc/env from file:///Users/kengyulin/Documents/MyProject/CC/CC3.SpriteEffect.DemoProject/extensions/sprite-effect/source/assets/comp/SpriteEffectFlowLight.ts as external dependency cc/env.
22:24:51 debug: Resolve ./SpriteEffectBase from file:///Users/kengyulin/Documents/MyProject/CC/CC3.SpriteEffect.DemoProject/extensions/sprite-effect/source/assets/comp/SpriteEffectFlowLight.ts as file:///Users/kengyulin/Documents/MyProject/CC/CC3.SpriteEffect.DemoProject/extensions/sprite-effect/source/assets/comp/SpriteEffectBase.ts.
22:24:51 debug: Resolve file:///Users/kengyulin/Documents/MyProject/CC/CC3.SpriteEffect.DemoProject/extensions/sprite-effect/source/assets/comp/SpriteEffectGaussianBlur.ts from cce:/internal/x/prerequisite-imports as file:///Users/kengyulin/Documents/MyProject/CC/CC3.SpriteEffect.DemoProject/extensions/sprite-effect/source/assets/comp/SpriteEffectGaussianBlur.ts.
22:24:51 debug: Detected change: file:///Users/kengyulin/Documents/MyProject/CC/CC3.SpriteEffect.DemoProject/extensions/sprite-effect/source/assets/comp/SpriteEffectGaussianBlur.ts. Last mtime: Sat Jun 08 2024 10:29:16 GMT+0800 (台北標準時間)@b4cd90cc-3926-4364-9341-4ed91af4af25, Current mtime: Sat Jun 08 2024 22:23:25 GMT+0800 (台北標準時間)@b4cd90cc-3926-4364-9341-4ed91af4af25
22:24:51 debug: Inspect file:///Users/kengyulin/Documents/MyProject/CC/CC3.SpriteEffect.DemoProject/extensions/sprite-effect/source/assets/comp/SpriteEffectGaussianBlur.ts
22:24:51 debug: Resolve cce:/internal/code-quality/cr.mjs from file:///Users/kengyulin/Documents/MyProject/CC/CC3.SpriteEffect.DemoProject/extensions/sprite-effect/source/assets/comp/SpriteEffectGaussianBlur.ts as cce:/internal/code-quality/cr.mjs.
22:24:51 debug: Resolve cc from file:///Users/kengyulin/Documents/MyProject/CC/CC3.SpriteEffect.DemoProject/extensions/sprite-effect/source/assets/comp/SpriteEffectGaussianBlur.ts as cce:/internal/x/cc.
22:24:51 debug: Resolve cc from file:///Users/kengyulin/Documents/MyProject/CC/CC3.SpriteEffect.DemoProject/extensions/sprite-effect/source/assets/comp/SpriteEffectGaussianBlur.ts as cce:/internal/x/cc.
22:24:51 debug: Resolve cc from file:///Users/kengyulin/Documents/MyProject/CC/CC3.SpriteEffect.DemoProject/extensions/sprite-effect/source/assets/comp/SpriteEffectGaussianBlur.ts as cce:/internal/x/cc.
22:24:51 debug: Resolve cc/env from file:///Users/kengyulin/Documents/MyProject/CC/CC3.SpriteEffect.DemoProject/extensions/sprite-effect/source/assets/comp/SpriteEffectGaussianBlur.ts as external dependency cc/env.
22:24:51 debug: Resolve ./SpriteEffectBase from file:///Users/kengyulin/Documents/MyProject/CC/CC3.SpriteEffect.DemoProject/extensions/sprite-effect/source/assets/comp/SpriteEffectGaussianBlur.ts as file:///Users/kengyulin/Documents/MyProject/CC/CC3.SpriteEffect.DemoProject/extensions/sprite-effect/source/assets/comp/SpriteEffectBase.ts.
22:24:51 debug: Resolve file:///Users/kengyulin/Documents/MyProject/CC/CC3.SpriteEffect.DemoProject/extensions/sprite-effect/source/assets/comp/SpriteEffectShadow.ts from cce:/internal/x/prerequisite-imports as file:///Users/kengyulin/Documents/MyProject/CC/CC3.SpriteEffect.DemoProject/extensions/sprite-effect/source/assets/comp/SpriteEffectShadow.ts.
22:24:51 debug: Detected change: file:///Users/kengyulin/Documents/MyProject/CC/CC3.SpriteEffect.DemoProject/extensions/sprite-effect/source/assets/comp/SpriteEffectShadow.ts. Last mtime: Sat Jun 08 2024 10:29:09 GMT+0800 (台北標準時間)@6acad2eb-47ce-461b-982d-7de58ff9e30d, Current mtime: Sat Jun 08 2024 22:23:25 GMT+0800 (台北標準時間)@6acad2eb-47ce-461b-982d-7de58ff9e30d
22:24:51 debug: Inspect file:///Users/kengyulin/Documents/MyProject/CC/CC3.SpriteEffect.DemoProject/extensions/sprite-effect/source/assets/comp/SpriteEffectShadow.ts
22:24:51 debug: Resolve cce:/internal/code-quality/cr.mjs from file:///Users/kengyulin/Documents/MyProject/CC/CC3.SpriteEffect.DemoProject/extensions/sprite-effect/source/assets/comp/SpriteEffectShadow.ts as cce:/internal/code-quality/cr.mjs.
22:24:51 debug: Resolve cc from file:///Users/kengyulin/Documents/MyProject/CC/CC3.SpriteEffect.DemoProject/extensions/sprite-effect/source/assets/comp/SpriteEffectShadow.ts as cce:/internal/x/cc.
22:24:51 debug: Resolve cc from file:///Users/kengyulin/Documents/MyProject/CC/CC3.SpriteEffect.DemoProject/extensions/sprite-effect/source/assets/comp/SpriteEffectShadow.ts as cce:/internal/x/cc.
22:24:51 debug: Resolve cc from file:///Users/kengyulin/Documents/MyProject/CC/CC3.SpriteEffect.DemoProject/extensions/sprite-effect/source/assets/comp/SpriteEffectShadow.ts as cce:/internal/x/cc.
22:24:51 debug: Resolve cc/env from file:///Users/kengyulin/Documents/MyProject/CC/CC3.SpriteEffect.DemoProject/extensions/sprite-effect/source/assets/comp/SpriteEffectShadow.ts as external dependency cc/env.
22:24:51 debug: Resolve ./SpriteEffectBase from file:///Users/kengyulin/Documents/MyProject/CC/CC3.SpriteEffect.DemoProject/extensions/sprite-effect/source/assets/comp/SpriteEffectShadow.ts as file:///Users/kengyulin/Documents/MyProject/CC/CC3.SpriteEffect.DemoProject/extensions/sprite-effect/source/assets/comp/SpriteEffectBase.ts.
22:24:51 debug: Resolve file:///Users/kengyulin/Documents/MyProject/CC/CC3.SpriteEffect.DemoProject/extensions/sprite-effect/source/assets/comp/SpriteEffectTest.ts from cce:/internal/x/prerequisite-imports as file:///Users/kengyulin/Documents/MyProject/CC/CC3.SpriteEffect.DemoProject/extensions/sprite-effect/source/assets/comp/SpriteEffectTest.ts.
22:24:51 debug: Detected change: file:///Users/kengyulin/Documents/MyProject/CC/CC3.SpriteEffect.DemoProject/extensions/sprite-effect/source/assets/comp/SpriteEffectTest.ts. Last mtime: Sat Jun 08 2024 10:26:45 GMT+0800 (台北標準時間)@0c2129e6-d038-482a-aa1d-43d86980f41f, Current mtime: Sat Jun 08 2024 22:23:25 GMT+0800 (台北標準時間)@0c2129e6-d038-482a-aa1d-43d86980f41f
22:24:51 debug: Inspect file:///Users/kengyulin/Documents/MyProject/CC/CC3.SpriteEffect.DemoProject/extensions/sprite-effect/source/assets/comp/SpriteEffectTest.ts
22:24:51 debug: Resolve cce:/internal/code-quality/cr.mjs from file:///Users/kengyulin/Documents/MyProject/CC/CC3.SpriteEffect.DemoProject/extensions/sprite-effect/source/assets/comp/SpriteEffectTest.ts as cce:/internal/code-quality/cr.mjs.
22:24:51 debug: Resolve cc from file:///Users/kengyulin/Documents/MyProject/CC/CC3.SpriteEffect.DemoProject/extensions/sprite-effect/source/assets/comp/SpriteEffectTest.ts as cce:/internal/x/cc.
22:24:51 debug: Resolve cc from file:///Users/kengyulin/Documents/MyProject/CC/CC3.SpriteEffect.DemoProject/extensions/sprite-effect/source/assets/comp/SpriteEffectTest.ts as cce:/internal/x/cc.
22:24:51 debug: Resolve cc from file:///Users/kengyulin/Documents/MyProject/CC/CC3.SpriteEffect.DemoProject/extensions/sprite-effect/source/assets/comp/SpriteEffectTest.ts as cce:/internal/x/cc.
22:24:51 debug: Resolve ./SpriteEffectBase from file:///Users/kengyulin/Documents/MyProject/CC/CC3.SpriteEffect.DemoProject/extensions/sprite-effect/source/assets/comp/SpriteEffectTest.ts as file:///Users/kengyulin/Documents/MyProject/CC/CC3.SpriteEffect.DemoProject/extensions/sprite-effect/source/assets/comp/SpriteEffectBase.ts.
22:24:51 debug: Resolve file:///Users/kengyulin/Documents/MyProject/CC/CC3.SpriteEffect.DemoProject/extensions/sprite-effect/source/assets/comp/SpriteEffectWaterFlow.ts from cce:/internal/x/prerequisite-imports as file:///Users/kengyulin/Documents/MyProject/CC/CC3.SpriteEffect.DemoProject/extensions/sprite-effect/source/assets/comp/SpriteEffectWaterFlow.ts.
22:24:51 debug: Detected change: file:///Users/kengyulin/Documents/MyProject/CC/CC3.SpriteEffect.DemoProject/extensions/sprite-effect/source/assets/comp/SpriteEffectWaterFlow.ts. Last mtime: Sat Jun 08 2024 10:28:52 GMT+0800 (台北標準時間)@76000bb3-a355-438c-aa2e-1f1c46c62af0, Current mtime: Sat Jun 08 2024 22:23:25 GMT+0800 (台北標準時間)@76000bb3-a355-438c-aa2e-1f1c46c62af0
22:24:51 debug: Inspect file:///Users/kengyulin/Documents/MyProject/CC/CC3.SpriteEffect.DemoProject/extensions/sprite-effect/source/assets/comp/SpriteEffectWaterFlow.ts
22:24:51 debug: Resolve cce:/internal/code-quality/cr.mjs from file:///Users/kengyulin/Documents/MyProject/CC/CC3.SpriteEffect.DemoProject/extensions/sprite-effect/source/assets/comp/SpriteEffectWaterFlow.ts as cce:/internal/code-quality/cr.mjs.
22:24:51 debug: Resolve cc from file:///Users/kengyulin/Documents/MyProject/CC/CC3.SpriteEffect.DemoProject/extensions/sprite-effect/source/assets/comp/SpriteEffectWaterFlow.ts as cce:/internal/x/cc.
22:24:51 debug: Resolve cc from file:///Users/kengyulin/Documents/MyProject/CC/CC3.SpriteEffect.DemoProject/extensions/sprite-effect/source/assets/comp/SpriteEffectWaterFlow.ts as cce:/internal/x/cc.
22:24:51 debug: Resolve cc from file:///Users/kengyulin/Documents/MyProject/CC/CC3.SpriteEffect.DemoProject/extensions/sprite-effect/source/assets/comp/SpriteEffectWaterFlow.ts as cce:/internal/x/cc.
22:24:51 debug: Resolve cc/env from file:///Users/kengyulin/Documents/MyProject/CC/CC3.SpriteEffect.DemoProject/extensions/sprite-effect/source/assets/comp/SpriteEffectWaterFlow.ts as external dependency cc/env.
22:24:51 debug: Resolve ./SpriteEffectBase from file:///Users/kengyulin/Documents/MyProject/CC/CC3.SpriteEffect.DemoProject/extensions/sprite-effect/source/assets/comp/SpriteEffectWaterFlow.ts as file:///Users/kengyulin/Documents/MyProject/CC/CC3.SpriteEffect.DemoProject/extensions/sprite-effect/source/assets/comp/SpriteEffectBase.ts.
22:24:51 debug: Resolve file:///Users/kengyulin/Documents/MyProject/CC/CC3.SpriteEffect.DemoProject/extensions/sprite-effect/source/assets/comp/SpriteEffectWaterRipple.ts from cce:/internal/x/prerequisite-imports as file:///Users/kengyulin/Documents/MyProject/CC/CC3.SpriteEffect.DemoProject/extensions/sprite-effect/source/assets/comp/SpriteEffectWaterRipple.ts.
22:24:51 debug: Detected change: file:///Users/kengyulin/Documents/MyProject/CC/CC3.SpriteEffect.DemoProject/extensions/sprite-effect/source/assets/comp/SpriteEffectWaterRipple.ts. Last mtime: Sat Jun 08 2024 10:28:28 GMT+0800 (台北標準時間)@4cb705fc-8e0b-40e9-8251-db00fd6d3c88, Current mtime: Sat Jun 08 2024 22:23:25 GMT+0800 (台北標準時間)@4cb705fc-8e0b-40e9-8251-db00fd6d3c88
22:24:51 debug: Inspect file:///Users/kengyulin/Documents/MyProject/CC/CC3.SpriteEffect.DemoProject/extensions/sprite-effect/source/assets/comp/SpriteEffectWaterRipple.ts
22:24:51 debug: Resolve cce:/internal/code-quality/cr.mjs from file:///Users/kengyulin/Documents/MyProject/CC/CC3.SpriteEffect.DemoProject/extensions/sprite-effect/source/assets/comp/SpriteEffectWaterRipple.ts as cce:/internal/code-quality/cr.mjs.
22:24:51 debug: Resolve cc from file:///Users/kengyulin/Documents/MyProject/CC/CC3.SpriteEffect.DemoProject/extensions/sprite-effect/source/assets/comp/SpriteEffectWaterRipple.ts as cce:/internal/x/cc.
22:24:51 debug: Resolve cc from file:///Users/kengyulin/Documents/MyProject/CC/CC3.SpriteEffect.DemoProject/extensions/sprite-effect/source/assets/comp/SpriteEffectWaterRipple.ts as cce:/internal/x/cc.
22:24:51 debug: Resolve cc from file:///Users/kengyulin/Documents/MyProject/CC/CC3.SpriteEffect.DemoProject/extensions/sprite-effect/source/assets/comp/SpriteEffectWaterRipple.ts as cce:/internal/x/cc.
22:24:51 debug: Resolve cc/env from file:///Users/kengyulin/Documents/MyProject/CC/CC3.SpriteEffect.DemoProject/extensions/sprite-effect/source/assets/comp/SpriteEffectWaterRipple.ts as external dependency cc/env.
22:24:51 debug: Resolve ./SpriteEffectBase from file:///Users/kengyulin/Documents/MyProject/CC/CC3.SpriteEffect.DemoProject/extensions/sprite-effect/source/assets/comp/SpriteEffectWaterRipple.ts as file:///Users/kengyulin/Documents/MyProject/CC/CC3.SpriteEffect.DemoProject/extensions/sprite-effect/source/assets/comp/SpriteEffectBase.ts.
22:24:51 debug: Resolve file:///Users/kengyulin/Documents/MyProject/CC/CC3.SpriteEffect.DemoProject/extensions/sprite-effect/source/assets/comp/SpriteEffectWaterWave.ts from cce:/internal/x/prerequisite-imports as file:///Users/kengyulin/Documents/MyProject/CC/CC3.SpriteEffect.DemoProject/extensions/sprite-effect/source/assets/comp/SpriteEffectWaterWave.ts.
22:24:51 debug: Detected change: file:///Users/kengyulin/Documents/MyProject/CC/CC3.SpriteEffect.DemoProject/extensions/sprite-effect/source/assets/comp/SpriteEffectWaterWave.ts. Last mtime: Sat Jun 08 2024 10:28:15 GMT+0800 (台北標準時間)@e7c2f1f8-5b40-4f5c-a4c8-0082a7d9f7f9, Current mtime: Sat Jun 08 2024 22:23:25 GMT+0800 (台北標準時間)@e7c2f1f8-5b40-4f5c-a4c8-0082a7d9f7f9
22:24:51 debug: Inspect file:///Users/kengyulin/Documents/MyProject/CC/CC3.SpriteEffect.DemoProject/extensions/sprite-effect/source/assets/comp/SpriteEffectWaterWave.ts
22:24:51 debug: Resolve cce:/internal/code-quality/cr.mjs from file:///Users/kengyulin/Documents/MyProject/CC/CC3.SpriteEffect.DemoProject/extensions/sprite-effect/source/assets/comp/SpriteEffectWaterWave.ts as cce:/internal/code-quality/cr.mjs.
22:24:51 debug: Resolve cc from file:///Users/kengyulin/Documents/MyProject/CC/CC3.SpriteEffect.DemoProject/extensions/sprite-effect/source/assets/comp/SpriteEffectWaterWave.ts as cce:/internal/x/cc.
22:24:51 debug: Resolve cc from file:///Users/kengyulin/Documents/MyProject/CC/CC3.SpriteEffect.DemoProject/extensions/sprite-effect/source/assets/comp/SpriteEffectWaterWave.ts as cce:/internal/x/cc.
22:24:51 debug: Resolve cc from file:///Users/kengyulin/Documents/MyProject/CC/CC3.SpriteEffect.DemoProject/extensions/sprite-effect/source/assets/comp/SpriteEffectWaterWave.ts as cce:/internal/x/cc.
22:24:51 debug: Resolve cc/env from file:///Users/kengyulin/Documents/MyProject/CC/CC3.SpriteEffect.DemoProject/extensions/sprite-effect/source/assets/comp/SpriteEffectWaterWave.ts as external dependency cc/env.
22:24:51 debug: Resolve ./SpriteEffectBase from file:///Users/kengyulin/Documents/MyProject/CC/CC3.SpriteEffect.DemoProject/extensions/sprite-effect/source/assets/comp/SpriteEffectWaterWave.ts as file:///Users/kengyulin/Documents/MyProject/CC/CC3.SpriteEffect.DemoProject/extensions/sprite-effect/source/assets/comp/SpriteEffectBase.ts.
22:24:51 debug: Target(editor) ends with cost 704.3855829238892ms.
22:24:51 debug: Target(preview) build started.
22:24:51 debug: Detected change: cce:/internal/x/cc. Last mtime: Thu Jan 01 1970 08:00:08 GMT+0800 (台北標準時間), Current mtime: Thu Jan 01 1970 08:00:12 GMT+0800 (台北標準時間)
22:24:51 debug: Inspect cce:/internal/x/cc
22:24:51 debug: Resolve cce:/internal/x/cc-fu/2d from cce:/internal/x/cc as external dependency cce:/internal/x/cc-fu/2d.
22:24:51 debug: Resolve cce:/internal/x/cc-fu/sorting from cce:/internal/x/cc as external dependency cce:/internal/x/cc-fu/sorting.
22:24:51 debug: Resolve cce:/internal/x/cc-fu/3d from cce:/internal/x/cc as external dependency cce:/internal/x/cc-fu/3d.
22:24:51 debug: Resolve cce:/internal/x/cc-fu/animation from cce:/internal/x/cc as external dependency cce:/internal/x/cc-fu/animation.
22:24:51 debug: Resolve cce:/internal/x/cc-fu/audio from cce:/internal/x/cc as external dependency cce:/internal/x/cc-fu/audio.
22:24:51 debug: Resolve cce:/internal/x/cc-fu/base from cce:/internal/x/cc as external dependency cce:/internal/x/cc-fu/base.
22:24:51 debug: Resolve cce:/internal/x/cc-fu/dragon-bones from cce:/internal/x/cc as external dependency cce:/internal/x/cc-fu/dragon-bones.
22:24:51 debug: Resolve cce:/internal/x/cc-fu/gfx-webgl from cce:/internal/x/cc as external dependency cce:/internal/x/cc-fu/gfx-webgl.
22:24:51 debug: Resolve cce:/internal/x/cc-fu/gfx-webgl2 from cce:/internal/x/cc as external dependency cce:/internal/x/cc-fu/gfx-webgl2.
22:24:51 debug: Resolve cce:/internal/x/cc-fu/intersection-2d from cce:/internal/x/cc as external dependency cce:/internal/x/cc-fu/intersection-2d.
22:24:51 debug: Resolve cce:/internal/x/cc-fu/light-probe from cce:/internal/x/cc as external dependency cce:/internal/x/cc-fu/light-probe.
22:24:51 debug: Resolve cce:/internal/x/cc-fu/particle from cce:/internal/x/cc as external dependency cce:/internal/x/cc-fu/particle.
22:24:51 debug: Resolve cce:/internal/x/cc-fu/particle-2d from cce:/internal/x/cc as external dependency cce:/internal/x/cc-fu/particle-2d.
22:24:51 debug: Resolve cce:/internal/x/cc-fu/physics-2d-box2d from cce:/internal/x/cc as external dependency cce:/internal/x/cc-fu/physics-2d-box2d.
22:24:51 debug: Resolve cce:/internal/x/cc-fu/physics-2d-framework from cce:/internal/x/cc as external dependency cce:/internal/x/cc-fu/physics-2d-framework.
22:24:51 debug: Resolve cce:/internal/x/cc-fu/physics-ammo from cce:/internal/x/cc as external dependency cce:/internal/x/cc-fu/physics-ammo.
22:24:51 debug: Resolve cce:/internal/x/cc-fu/physics-framework from cce:/internal/x/cc as external dependency cce:/internal/x/cc-fu/physics-framework.
22:24:51 debug: Resolve cce:/internal/x/cc-fu/wait-for-ammo-instantiation from cce:/internal/x/cc as external dependency cce:/internal/x/cc-fu/wait-for-ammo-instantiation.
22:24:51 debug: Resolve cce:/internal/x/cc-fu/primitive from cce:/internal/x/cc as external dependency cce:/internal/x/cc-fu/primitive.
22:24:51 debug: Resolve cce:/internal/x/cc-fu/profiler from cce:/internal/x/cc as external dependency cce:/internal/x/cc-fu/profiler.
22:24:51 debug: Resolve cce:/internal/x/cc-fu/skeletal-animation from cce:/internal/x/cc as external dependency cce:/internal/x/cc-fu/skeletal-animation.
22:24:51 debug: Resolve cce:/internal/x/cc-fu/spine from cce:/internal/x/cc as external dependency cce:/internal/x/cc-fu/spine.
22:24:51 debug: Resolve cce:/internal/x/cc-fu/terrain from cce:/internal/x/cc as external dependency cce:/internal/x/cc-fu/terrain.
22:24:51 debug: Resolve cce:/internal/x/cc-fu/tiled-map from cce:/internal/x/cc as external dependency cce:/internal/x/cc-fu/tiled-map.
22:24:51 debug: Resolve cce:/internal/x/cc-fu/tween from cce:/internal/x/cc as external dependency cce:/internal/x/cc-fu/tween.
22:24:51 debug: Resolve cce:/internal/x/cc-fu/ui from cce:/internal/x/cc as external dependency cce:/internal/x/cc-fu/ui.
22:24:51 debug: Resolve cce:/internal/x/cc-fu/video from cce:/internal/x/cc as external dependency cce:/internal/x/cc-fu/video.
22:24:51 debug: Resolve cce:/internal/x/cc-fu/webview from cce:/internal/x/cc as external dependency cce:/internal/x/cc-fu/webview.
22:24:51 debug: Detected change: cce:/internal/x/prerequisite-imports. Last mtime: Thu Jan 01 1970 08:00:09 GMT+0800 (台北標準時間), Current mtime: Thu Jan 01 1970 08:00:13 GMT+0800 (台北標準時間)
22:24:51 debug: Inspect cce:/internal/x/prerequisite-imports
22:24:51 debug: Resolve file:///Applications/Cocos/Creator/3.8.2/CocosCreator.app/Contents/Resources/resources/3d/engine/editor/assets/tools/debug-view-runtime-control.ts from cce:/internal/x/prerequisite-imports as file:///Applications/Cocos/Creator/3.8.2/CocosCreator.app/Contents/Resources/resources/3d/engine/editor/assets/tools/debug-view-runtime-control.ts.
22:24:51 debug: Resolve cc from file:///Applications/Cocos/Creator/3.8.2/CocosCreator.app/Contents/Resources/resources/3d/engine/editor/assets/tools/debug-view-runtime-control.ts as cce:/internal/x/cc.
22:24:51 debug: Resolve cc from file:///Applications/Cocos/Creator/3.8.2/CocosCreator.app/Contents/Resources/resources/3d/engine/editor/assets/tools/debug-view-runtime-control.ts as cce:/internal/x/cc.
22:24:51 debug: Resolve cc from file:///Applications/Cocos/Creator/3.8.2/CocosCreator.app/Contents/Resources/resources/3d/engine/editor/assets/tools/debug-view-runtime-control.ts as cce:/internal/x/cc.
22:24:51 debug: Resolve file:///Users/kengyulin/Documents/MyProject/CC/CC3.SpriteEffect.DemoProject/assets/script/ProfileInfo.ts from cce:/internal/x/prerequisite-imports as file:///Users/kengyulin/Documents/MyProject/CC/CC3.SpriteEffect.DemoProject/assets/script/ProfileInfo.ts.
22:24:51 debug: Resolve cc from file:///Users/kengyulin/Documents/MyProject/CC/CC3.SpriteEffect.DemoProject/assets/script/ProfileInfo.ts as cce:/internal/x/cc.
22:24:51 debug: Resolve cc from file:///Users/kengyulin/Documents/MyProject/CC/CC3.SpriteEffect.DemoProject/assets/script/ProfileInfo.ts as cce:/internal/x/cc.
22:24:51 debug: Resolve cc from file:///Users/kengyulin/Documents/MyProject/CC/CC3.SpriteEffect.DemoProject/assets/script/ProfileInfo.ts as cce:/internal/x/cc.
22:24:51 debug: Resolve file:///Users/kengyulin/Documents/MyProject/CC/CC3.SpriteEffect.DemoProject/assets/script/RandomColor.ts from cce:/internal/x/prerequisite-imports as file:///Users/kengyulin/Documents/MyProject/CC/CC3.SpriteEffect.DemoProject/assets/script/RandomColor.ts.
22:24:51 debug: Resolve cce:/internal/code-quality/cr.mjs from file:///Users/kengyulin/Documents/MyProject/CC/CC3.SpriteEffect.DemoProject/assets/script/RandomColor.ts as cce:/internal/code-quality/cr.mjs.
22:24:51 debug: Detected change: cce:/internal/code-quality/cr.mjs. Last mtime: Sat Jun 08 2024 20:44:29 GMT+0800 (台北標準時間), Current mtime: Sat Jun 08 2024 22:24:38 GMT+0800 (台北標準時間)
22:24:51 debug: Inspect cce:/internal/code-quality/cr.mjs
22:24:51 debug: Resolve cc from file:///Users/kengyulin/Documents/MyProject/CC/CC3.SpriteEffect.DemoProject/assets/script/RandomColor.ts as cce:/internal/x/cc.
22:24:51 debug: Resolve cc from file:///Users/kengyulin/Documents/MyProject/CC/CC3.SpriteEffect.DemoProject/assets/script/RandomColor.ts as cce:/internal/x/cc.
22:24:51 debug: Resolve cc from file:///Users/kengyulin/Documents/MyProject/CC/CC3.SpriteEffect.DemoProject/assets/script/RandomColor.ts as cce:/internal/x/cc.
22:24:51 debug: Resolve ../../extensions/sprite-effect/source/assets/comp/SpriteEffectBase from file:///Users/kengyulin/Documents/MyProject/CC/CC3.SpriteEffect.DemoProject/assets/script/RandomColor.ts as file:///Users/kengyulin/Documents/MyProject/CC/CC3.SpriteEffect.DemoProject/extensions/sprite-effect/source/assets/comp/SpriteEffectBase.ts.
22:24:51 debug: Detected change: file:///Users/kengyulin/Documents/MyProject/CC/CC3.SpriteEffect.DemoProject/extensions/sprite-effect/source/assets/comp/SpriteEffectBase.ts. Last mtime: Sat Jun 08 2024 10:01:58 GMT+0800 (台北標準時間)@db29d15f-52ac-4502-bf5f-9ffb600ef784, Current mtime: Sat Jun 08 2024 22:23:25 GMT+0800 (台北標準時間)@db29d15f-52ac-4502-bf5f-9ffb600ef784
22:24:51 debug: Inspect file:///Users/kengyulin/Documents/MyProject/CC/CC3.SpriteEffect.DemoProject/extensions/sprite-effect/source/assets/comp/SpriteEffectBase.ts
22:24:51 debug: Resolve cc from file:///Users/kengyulin/Documents/MyProject/CC/CC3.SpriteEffect.DemoProject/extensions/sprite-effect/source/assets/comp/SpriteEffectBase.ts as cce:/internal/x/cc.
22:24:51 debug: Resolve cc from file:///Users/kengyulin/Documents/MyProject/CC/CC3.SpriteEffect.DemoProject/extensions/sprite-effect/source/assets/comp/SpriteEffectBase.ts as cce:/internal/x/cc.
22:24:51 debug: Resolve cc from file:///Users/kengyulin/Documents/MyProject/CC/CC3.SpriteEffect.DemoProject/extensions/sprite-effect/source/assets/comp/SpriteEffectBase.ts as cce:/internal/x/cc.
22:24:51 debug: Resolve cc/env from file:///Users/kengyulin/Documents/MyProject/CC/CC3.SpriteEffect.DemoProject/extensions/sprite-effect/source/assets/comp/SpriteEffectBase.ts as external dependency cc/env.
22:24:51 debug: Resolve file:///Users/kengyulin/Documents/MyProject/CC/CC3.SpriteEffect.DemoProject/extensions/sprite-effect/source/assets/comp/SpriteEffectBase.ts from cce:/internal/x/prerequisite-imports as file:///Users/kengyulin/Documents/MyProject/CC/CC3.SpriteEffect.DemoProject/extensions/sprite-effect/source/assets/comp/SpriteEffectBase.ts.
22:24:51 debug: Resolve file:///Users/kengyulin/Documents/MyProject/CC/CC3.SpriteEffect.DemoProject/extensions/sprite-effect/source/assets/comp/SpriteEffectColor.ts from cce:/internal/x/prerequisite-imports as file:///Users/kengyulin/Documents/MyProject/CC/CC3.SpriteEffect.DemoProject/extensions/sprite-effect/source/assets/comp/SpriteEffectColor.ts.
22:24:51 debug: Detected change: file:///Users/kengyulin/Documents/MyProject/CC/CC3.SpriteEffect.DemoProject/extensions/sprite-effect/source/assets/comp/SpriteEffectColor.ts. Last mtime: Sat Jun 08 2024 10:24:09 GMT+0800 (台北標準時間)@c649606f-d1dc-4002-94a8-520e368792f3, Current mtime: Sat Jun 08 2024 22:23:25 GMT+0800 (台北標準時間)@c649606f-d1dc-4002-94a8-520e368792f3
22:24:51 debug: Inspect file:///Users/kengyulin/Documents/MyProject/CC/CC3.SpriteEffect.DemoProject/extensions/sprite-effect/source/assets/comp/SpriteEffectColor.ts
22:24:51 debug: Resolve cce:/internal/code-quality/cr.mjs from file:///Users/kengyulin/Documents/MyProject/CC/CC3.SpriteEffect.DemoProject/extensions/sprite-effect/source/assets/comp/SpriteEffectColor.ts as cce:/internal/code-quality/cr.mjs.
22:24:51 debug: Resolve cc from file:///Users/kengyulin/Documents/MyProject/CC/CC3.SpriteEffect.DemoProject/extensions/sprite-effect/source/assets/comp/SpriteEffectColor.ts as cce:/internal/x/cc.
22:24:51 debug: Resolve cc from file:///Users/kengyulin/Documents/MyProject/CC/CC3.SpriteEffect.DemoProject/extensions/sprite-effect/source/assets/comp/SpriteEffectColor.ts as cce:/internal/x/cc.
22:24:51 debug: Resolve cc from file:///Users/kengyulin/Documents/MyProject/CC/CC3.SpriteEffect.DemoProject/extensions/sprite-effect/source/assets/comp/SpriteEffectColor.ts as cce:/internal/x/cc.
22:24:51 debug: Resolve cc/env from file:///Users/kengyulin/Documents/MyProject/CC/CC3.SpriteEffect.DemoProject/extensions/sprite-effect/source/assets/comp/SpriteEffectColor.ts as external dependency cc/env.
22:24:51 debug: Resolve ./SpriteEffectBase from file:///Users/kengyulin/Documents/MyProject/CC/CC3.SpriteEffect.DemoProject/extensions/sprite-effect/source/assets/comp/SpriteEffectColor.ts as file:///Users/kengyulin/Documents/MyProject/CC/CC3.SpriteEffect.DemoProject/extensions/sprite-effect/source/assets/comp/SpriteEffectBase.ts.
22:24:51 debug: Resolve file:///Users/kengyulin/Documents/MyProject/CC/CC3.SpriteEffect.DemoProject/extensions/sprite-effect/source/assets/comp/SpriteEffectColorizing.ts from cce:/internal/x/prerequisite-imports as file:///Users/kengyulin/Documents/MyProject/CC/CC3.SpriteEffect.DemoProject/extensions/sprite-effect/source/assets/comp/SpriteEffectColorizing.ts.
22:24:51 debug: Detected change: file:///Users/kengyulin/Documents/MyProject/CC/CC3.SpriteEffect.DemoProject/extensions/sprite-effect/source/assets/comp/SpriteEffectColorizing.ts. Last mtime: Sat Jun 08 2024 10:30:42 GMT+0800 (台北標準時間)@20603cc1-a0a1-4b37-8439-57a90477d4bb, Current mtime: Sat Jun 08 2024 22:23:25 GMT+0800 (台北標準時間)@20603cc1-a0a1-4b37-8439-57a90477d4bb
22:24:51 debug: Inspect file:///Users/kengyulin/Documents/MyProject/CC/CC3.SpriteEffect.DemoProject/extensions/sprite-effect/source/assets/comp/SpriteEffectColorizing.ts
22:24:51 debug: Resolve cce:/internal/code-quality/cr.mjs from file:///Users/kengyulin/Documents/MyProject/CC/CC3.SpriteEffect.DemoProject/extensions/sprite-effect/source/assets/comp/SpriteEffectColorizing.ts as cce:/internal/code-quality/cr.mjs.
22:24:51 debug: Resolve cc from file:///Users/kengyulin/Documents/MyProject/CC/CC3.SpriteEffect.DemoProject/extensions/sprite-effect/source/assets/comp/SpriteEffectColorizing.ts as cce:/internal/x/cc.
22:24:51 debug: Resolve cc from file:///Users/kengyulin/Documents/MyProject/CC/CC3.SpriteEffect.DemoProject/extensions/sprite-effect/source/assets/comp/SpriteEffectColorizing.ts as cce:/internal/x/cc.
22:24:51 debug: Resolve cc from file:///Users/kengyulin/Documents/MyProject/CC/CC3.SpriteEffect.DemoProject/extensions/sprite-effect/source/assets/comp/SpriteEffectColorizing.ts as cce:/internal/x/cc.
22:24:51 debug: Resolve cc/env from file:///Users/kengyulin/Documents/MyProject/CC/CC3.SpriteEffect.DemoProject/extensions/sprite-effect/source/assets/comp/SpriteEffectColorizing.ts as external dependency cc/env.
22:24:51 debug: Resolve ./SpriteEffectBase from file:///Users/kengyulin/Documents/MyProject/CC/CC3.SpriteEffect.DemoProject/extensions/sprite-effect/source/assets/comp/SpriteEffectColorizing.ts as file:///Users/kengyulin/Documents/MyProject/CC/CC3.SpriteEffect.DemoProject/extensions/sprite-effect/source/assets/comp/SpriteEffectBase.ts.
22:24:51 debug: Resolve file:///Users/kengyulin/Documents/MyProject/CC/CC3.SpriteEffect.DemoProject/extensions/sprite-effect/source/assets/comp/SpriteEffectDisappear.ts from cce:/internal/x/prerequisite-imports as file:///Users/kengyulin/Documents/MyProject/CC/CC3.SpriteEffect.DemoProject/extensions/sprite-effect/source/assets/comp/SpriteEffectDisappear.ts.
22:24:51 debug: Detected change: file:///Users/kengyulin/Documents/MyProject/CC/CC3.SpriteEffect.DemoProject/extensions/sprite-effect/source/assets/comp/SpriteEffectDisappear.ts. Last mtime: Sat Jun 08 2024 10:30:19 GMT+0800 (台北標準時間)@4c31eaca-8ced-483a-8ae5-f5c0661ee052, Current mtime: Sat Jun 08 2024 22:23:25 GMT+0800 (台北標準時間)@4c31eaca-8ced-483a-8ae5-f5c0661ee052
22:24:51 debug: Inspect file:///Users/kengyulin/Documents/MyProject/CC/CC3.SpriteEffect.DemoProject/extensions/sprite-effect/source/assets/comp/SpriteEffectDisappear.ts
22:24:51 debug: Resolve cce:/internal/code-quality/cr.mjs from file:///Users/kengyulin/Documents/MyProject/CC/CC3.SpriteEffect.DemoProject/extensions/sprite-effect/source/assets/comp/SpriteEffectDisappear.ts as cce:/internal/code-quality/cr.mjs.
22:24:51 debug: Resolve cc from file:///Users/kengyulin/Documents/MyProject/CC/CC3.SpriteEffect.DemoProject/extensions/sprite-effect/source/assets/comp/SpriteEffectDisappear.ts as cce:/internal/x/cc.
22:24:51 debug: Resolve cc from file:///Users/kengyulin/Documents/MyProject/CC/CC3.SpriteEffect.DemoProject/extensions/sprite-effect/source/assets/comp/SpriteEffectDisappear.ts as cce:/internal/x/cc.
22:24:51 debug: Resolve cc from file:///Users/kengyulin/Documents/MyProject/CC/CC3.SpriteEffect.DemoProject/extensions/sprite-effect/source/assets/comp/SpriteEffectDisappear.ts as cce:/internal/x/cc.
22:24:51 debug: Resolve cc/env from file:///Users/kengyulin/Documents/MyProject/CC/CC3.SpriteEffect.DemoProject/extensions/sprite-effect/source/assets/comp/SpriteEffectDisappear.ts as external dependency cc/env.
22:24:51 debug: Resolve ./SpriteEffectBase from file:///Users/kengyulin/Documents/MyProject/CC/CC3.SpriteEffect.DemoProject/extensions/sprite-effect/source/assets/comp/SpriteEffectDisappear.ts as file:///Users/kengyulin/Documents/MyProject/CC/CC3.SpriteEffect.DemoProject/extensions/sprite-effect/source/assets/comp/SpriteEffectBase.ts.
22:24:51 debug: Resolve file:///Users/kengyulin/Documents/MyProject/CC/CC3.SpriteEffect.DemoProject/extensions/sprite-effect/source/assets/comp/SpriteEffectDissolve.ts from cce:/internal/x/prerequisite-imports as file:///Users/kengyulin/Documents/MyProject/CC/CC3.SpriteEffect.DemoProject/extensions/sprite-effect/source/assets/comp/SpriteEffectDissolve.ts.
22:24:51 debug: Detected change: file:///Users/kengyulin/Documents/MyProject/CC/CC3.SpriteEffect.DemoProject/extensions/sprite-effect/source/assets/comp/SpriteEffectDissolve.ts. Last mtime: Sat Jun 08 2024 10:30:03 GMT+0800 (台北標準時間)@18a89696-13fc-4a56-a91a-8864ce8b7f92, Current mtime: Sat Jun 08 2024 22:23:25 GMT+0800 (台北標準時間)@18a89696-13fc-4a56-a91a-8864ce8b7f92
22:24:51 debug: Inspect file:///Users/kengyulin/Documents/MyProject/CC/CC3.SpriteEffect.DemoProject/extensions/sprite-effect/source/assets/comp/SpriteEffectDissolve.ts
22:24:51 debug: Resolve cce:/internal/code-quality/cr.mjs from file:///Users/kengyulin/Documents/MyProject/CC/CC3.SpriteEffect.DemoProject/extensions/sprite-effect/source/assets/comp/SpriteEffectDissolve.ts as cce:/internal/code-quality/cr.mjs.
22:24:51 debug: Resolve cc from file:///Users/kengyulin/Documents/MyProject/CC/CC3.SpriteEffect.DemoProject/extensions/sprite-effect/source/assets/comp/SpriteEffectDissolve.ts as cce:/internal/x/cc.
22:24:51 debug: Resolve cc from file:///Users/kengyulin/Documents/MyProject/CC/CC3.SpriteEffect.DemoProject/extensions/sprite-effect/source/assets/comp/SpriteEffectDissolve.ts as cce:/internal/x/cc.
22:24:51 debug: Resolve cc from file:///Users/kengyulin/Documents/MyProject/CC/CC3.SpriteEffect.DemoProject/extensions/sprite-effect/source/assets/comp/SpriteEffectDissolve.ts as cce:/internal/x/cc.
22:24:51 debug: Resolve cc/env from file:///Users/kengyulin/Documents/MyProject/CC/CC3.SpriteEffect.DemoProject/extensions/sprite-effect/source/assets/comp/SpriteEffectDissolve.ts as external dependency cc/env.
22:24:51 debug: Resolve ./SpriteEffectBase from file:///Users/kengyulin/Documents/MyProject/CC/CC3.SpriteEffect.DemoProject/extensions/sprite-effect/source/assets/comp/SpriteEffectDissolve.ts as file:///Users/kengyulin/Documents/MyProject/CC/CC3.SpriteEffect.DemoProject/extensions/sprite-effect/source/assets/comp/SpriteEffectBase.ts.
22:24:51 debug: Resolve file:///Users/kengyulin/Documents/MyProject/CC/CC3.SpriteEffect.DemoProject/extensions/sprite-effect/source/assets/comp/SpriteEffectDistort.ts from cce:/internal/x/prerequisite-imports as file:///Users/kengyulin/Documents/MyProject/CC/CC3.SpriteEffect.DemoProject/extensions/sprite-effect/source/assets/comp/SpriteEffectDistort.ts.
22:24:51 debug: Detected change: file:///Users/kengyulin/Documents/MyProject/CC/CC3.SpriteEffect.DemoProject/extensions/sprite-effect/source/assets/comp/SpriteEffectDistort.ts. Last mtime: Sat Jun 08 2024 10:29:45 GMT+0800 (台北標準時間)@c339886a-a3dd-48d7-8aa0-e58c7d40c674, Current mtime: Sat Jun 08 2024 22:23:25 GMT+0800 (台北標準時間)@c339886a-a3dd-48d7-8aa0-e58c7d40c674
22:24:51 debug: Inspect file:///Users/kengyulin/Documents/MyProject/CC/CC3.SpriteEffect.DemoProject/extensions/sprite-effect/source/assets/comp/SpriteEffectDistort.ts
22:24:51 debug: Resolve cce:/internal/code-quality/cr.mjs from file:///Users/kengyulin/Documents/MyProject/CC/CC3.SpriteEffect.DemoProject/extensions/sprite-effect/source/assets/comp/SpriteEffectDistort.ts as cce:/internal/code-quality/cr.mjs.
22:24:51 debug: Resolve cc from file:///Users/kengyulin/Documents/MyProject/CC/CC3.SpriteEffect.DemoProject/extensions/sprite-effect/source/assets/comp/SpriteEffectDistort.ts as cce:/internal/x/cc.
22:24:51 debug: Resolve cc from file:///Users/kengyulin/Documents/MyProject/CC/CC3.SpriteEffect.DemoProject/extensions/sprite-effect/source/assets/comp/SpriteEffectDistort.ts as cce:/internal/x/cc.
22:24:51 debug: Resolve cc from file:///Users/kengyulin/Documents/MyProject/CC/CC3.SpriteEffect.DemoProject/extensions/sprite-effect/source/assets/comp/SpriteEffectDistort.ts as cce:/internal/x/cc.
22:24:51 debug: Resolve cc/env from file:///Users/kengyulin/Documents/MyProject/CC/CC3.SpriteEffect.DemoProject/extensions/sprite-effect/source/assets/comp/SpriteEffectDistort.ts as external dependency cc/env.
22:24:51 debug: Resolve ./SpriteEffectBase from file:///Users/kengyulin/Documents/MyProject/CC/CC3.SpriteEffect.DemoProject/extensions/sprite-effect/source/assets/comp/SpriteEffectDistort.ts as file:///Users/kengyulin/Documents/MyProject/CC/CC3.SpriteEffect.DemoProject/extensions/sprite-effect/source/assets/comp/SpriteEffectBase.ts.
22:24:51 debug: Resolve file:///Users/kengyulin/Documents/MyProject/CC/CC3.SpriteEffect.DemoProject/extensions/sprite-effect/source/assets/comp/SpriteEffectFlowLight.ts from cce:/internal/x/prerequisite-imports as file:///Users/kengyulin/Documents/MyProject/CC/CC3.SpriteEffect.DemoProject/extensions/sprite-effect/source/assets/comp/SpriteEffectFlowLight.ts.
22:24:51 debug: Detected change: file:///Users/kengyulin/Documents/MyProject/CC/CC3.SpriteEffect.DemoProject/extensions/sprite-effect/source/assets/comp/SpriteEffectFlowLight.ts. Last mtime: Sat Jun 08 2024 10:29:36 GMT+0800 (台北標準時間)@fad02f1d-368d-403b-bfc7-6bce3f95b44e, Current mtime: Sat Jun 08 2024 22:23:25 GMT+0800 (台北標準時間)@fad02f1d-368d-403b-bfc7-6bce3f95b44e
22:24:51 debug: Inspect file:///Users/kengyulin/Documents/MyProject/CC/CC3.SpriteEffect.DemoProject/extensions/sprite-effect/source/assets/comp/SpriteEffectFlowLight.ts
22:24:51 debug: Resolve cce:/internal/code-quality/cr.mjs from file:///Users/kengyulin/Documents/MyProject/CC/CC3.SpriteEffect.DemoProject/extensions/sprite-effect/source/assets/comp/SpriteEffectFlowLight.ts as cce:/internal/code-quality/cr.mjs.
22:24:51 debug: Resolve cc from file:///Users/kengyulin/Documents/MyProject/CC/CC3.SpriteEffect.DemoProject/extensions/sprite-effect/source/assets/comp/SpriteEffectFlowLight.ts as cce:/internal/x/cc.
22:24:51 debug: Resolve cc from file:///Users/kengyulin/Documents/MyProject/CC/CC3.SpriteEffect.DemoProject/extensions/sprite-effect/source/assets/comp/SpriteEffectFlowLight.ts as cce:/internal/x/cc.
22:24:51 debug: Resolve cc from file:///Users/kengyulin/Documents/MyProject/CC/CC3.SpriteEffect.DemoProject/extensions/sprite-effect/source/assets/comp/SpriteEffectFlowLight.ts as cce:/internal/x/cc.
22:24:51 debug: Resolve cc/env from file:///Users/kengyulin/Documents/MyProject/CC/CC3.SpriteEffect.DemoProject/extensions/sprite-effect/source/assets/comp/SpriteEffectFlowLight.ts as external dependency cc/env.
22:24:51 debug: Resolve ./SpriteEffectBase from file:///Users/kengyulin/Documents/MyProject/CC/CC3.SpriteEffect.DemoProject/extensions/sprite-effect/source/assets/comp/SpriteEffectFlowLight.ts as file:///Users/kengyulin/Documents/MyProject/CC/CC3.SpriteEffect.DemoProject/extensions/sprite-effect/source/assets/comp/SpriteEffectBase.ts.
22:24:51 debug: Resolve file:///Users/kengyulin/Documents/MyProject/CC/CC3.SpriteEffect.DemoProject/extensions/sprite-effect/source/assets/comp/SpriteEffectGaussianBlur.ts from cce:/internal/x/prerequisite-imports as file:///Users/kengyulin/Documents/MyProject/CC/CC3.SpriteEffect.DemoProject/extensions/sprite-effect/source/assets/comp/SpriteEffectGaussianBlur.ts.
22:24:51 debug: Detected change: file:///Users/kengyulin/Documents/MyProject/CC/CC3.SpriteEffect.DemoProject/extensions/sprite-effect/source/assets/comp/SpriteEffectGaussianBlur.ts. Last mtime: Sat Jun 08 2024 10:29:16 GMT+0800 (台北標準時間)@b4cd90cc-3926-4364-9341-4ed91af4af25, Current mtime: Sat Jun 08 2024 22:23:25 GMT+0800 (台北標準時間)@b4cd90cc-3926-4364-9341-4ed91af4af25
22:24:51 debug: Inspect file:///Users/kengyulin/Documents/MyProject/CC/CC3.SpriteEffect.DemoProject/extensions/sprite-effect/source/assets/comp/SpriteEffectGaussianBlur.ts
22:24:51 debug: Resolve cce:/internal/code-quality/cr.mjs from file:///Users/kengyulin/Documents/MyProject/CC/CC3.SpriteEffect.DemoProject/extensions/sprite-effect/source/assets/comp/SpriteEffectGaussianBlur.ts as cce:/internal/code-quality/cr.mjs.
22:24:51 debug: Resolve cc from file:///Users/kengyulin/Documents/MyProject/CC/CC3.SpriteEffect.DemoProject/extensions/sprite-effect/source/assets/comp/SpriteEffectGaussianBlur.ts as cce:/internal/x/cc.
22:24:51 debug: Resolve cc from file:///Users/kengyulin/Documents/MyProject/CC/CC3.SpriteEffect.DemoProject/extensions/sprite-effect/source/assets/comp/SpriteEffectGaussianBlur.ts as cce:/internal/x/cc.
22:24:51 debug: Resolve cc from file:///Users/kengyulin/Documents/MyProject/CC/CC3.SpriteEffect.DemoProject/extensions/sprite-effect/source/assets/comp/SpriteEffectGaussianBlur.ts as cce:/internal/x/cc.
22:24:51 debug: Resolve cc/env from file:///Users/kengyulin/Documents/MyProject/CC/CC3.SpriteEffect.DemoProject/extensions/sprite-effect/source/assets/comp/SpriteEffectGaussianBlur.ts as external dependency cc/env.
22:24:51 debug: Resolve ./SpriteEffectBase from file:///Users/kengyulin/Documents/MyProject/CC/CC3.SpriteEffect.DemoProject/extensions/sprite-effect/source/assets/comp/SpriteEffectGaussianBlur.ts as file:///Users/kengyulin/Documents/MyProject/CC/CC3.SpriteEffect.DemoProject/extensions/sprite-effect/source/assets/comp/SpriteEffectBase.ts.
22:24:51 debug: Resolve file:///Users/kengyulin/Documents/MyProject/CC/CC3.SpriteEffect.DemoProject/extensions/sprite-effect/source/assets/comp/SpriteEffectShadow.ts from cce:/internal/x/prerequisite-imports as file:///Users/kengyulin/Documents/MyProject/CC/CC3.SpriteEffect.DemoProject/extensions/sprite-effect/source/assets/comp/SpriteEffectShadow.ts.
22:24:51 debug: Detected change: file:///Users/kengyulin/Documents/MyProject/CC/CC3.SpriteEffect.DemoProject/extensions/sprite-effect/source/assets/comp/SpriteEffectShadow.ts. Last mtime: Sat Jun 08 2024 10:29:09 GMT+0800 (台北標準時間)@6acad2eb-47ce-461b-982d-7de58ff9e30d, Current mtime: Sat Jun 08 2024 22:23:25 GMT+0800 (台北標準時間)@6acad2eb-47ce-461b-982d-7de58ff9e30d
22:24:51 debug: Inspect file:///Users/kengyulin/Documents/MyProject/CC/CC3.SpriteEffect.DemoProject/extensions/sprite-effect/source/assets/comp/SpriteEffectShadow.ts
22:24:51 debug: Resolve cce:/internal/code-quality/cr.mjs from file:///Users/kengyulin/Documents/MyProject/CC/CC3.SpriteEffect.DemoProject/extensions/sprite-effect/source/assets/comp/SpriteEffectShadow.ts as cce:/internal/code-quality/cr.mjs.
22:24:51 debug: Resolve cc from file:///Users/kengyulin/Documents/MyProject/CC/CC3.SpriteEffect.DemoProject/extensions/sprite-effect/source/assets/comp/SpriteEffectShadow.ts as cce:/internal/x/cc.
22:24:51 debug: Resolve cc from file:///Users/kengyulin/Documents/MyProject/CC/CC3.SpriteEffect.DemoProject/extensions/sprite-effect/source/assets/comp/SpriteEffectShadow.ts as cce:/internal/x/cc.
22:24:51 debug: Resolve cc from file:///Users/kengyulin/Documents/MyProject/CC/CC3.SpriteEffect.DemoProject/extensions/sprite-effect/source/assets/comp/SpriteEffectShadow.ts as cce:/internal/x/cc.
22:24:51 debug: Resolve cc/env from file:///Users/kengyulin/Documents/MyProject/CC/CC3.SpriteEffect.DemoProject/extensions/sprite-effect/source/assets/comp/SpriteEffectShadow.ts as external dependency cc/env.
22:24:51 debug: Resolve ./SpriteEffectBase from file:///Users/kengyulin/Documents/MyProject/CC/CC3.SpriteEffect.DemoProject/extensions/sprite-effect/source/assets/comp/SpriteEffectShadow.ts as file:///Users/kengyulin/Documents/MyProject/CC/CC3.SpriteEffect.DemoProject/extensions/sprite-effect/source/assets/comp/SpriteEffectBase.ts.
22:24:51 debug: Resolve file:///Users/kengyulin/Documents/MyProject/CC/CC3.SpriteEffect.DemoProject/extensions/sprite-effect/source/assets/comp/SpriteEffectTest.ts from cce:/internal/x/prerequisite-imports as file:///Users/kengyulin/Documents/MyProject/CC/CC3.SpriteEffect.DemoProject/extensions/sprite-effect/source/assets/comp/SpriteEffectTest.ts.
22:24:51 debug: Detected change: file:///Users/kengyulin/Documents/MyProject/CC/CC3.SpriteEffect.DemoProject/extensions/sprite-effect/source/assets/comp/SpriteEffectTest.ts. Last mtime: Sat Jun 08 2024 10:26:45 GMT+0800 (台北標準時間)@0c2129e6-d038-482a-aa1d-43d86980f41f, Current mtime: Sat Jun 08 2024 22:23:25 GMT+0800 (台北標準時間)@0c2129e6-d038-482a-aa1d-43d86980f41f
22:24:51 debug: Inspect file:///Users/kengyulin/Documents/MyProject/CC/CC3.SpriteEffect.DemoProject/extensions/sprite-effect/source/assets/comp/SpriteEffectTest.ts
22:24:51 debug: Resolve cce:/internal/code-quality/cr.mjs from file:///Users/kengyulin/Documents/MyProject/CC/CC3.SpriteEffect.DemoProject/extensions/sprite-effect/source/assets/comp/SpriteEffectTest.ts as cce:/internal/code-quality/cr.mjs.
22:24:51 debug: Resolve cc from file:///Users/kengyulin/Documents/MyProject/CC/CC3.SpriteEffect.DemoProject/extensions/sprite-effect/source/assets/comp/SpriteEffectTest.ts as cce:/internal/x/cc.
22:24:51 debug: Resolve cc from file:///Users/kengyulin/Documents/MyProject/CC/CC3.SpriteEffect.DemoProject/extensions/sprite-effect/source/assets/comp/SpriteEffectTest.ts as cce:/internal/x/cc.
22:24:51 debug: Resolve cc from file:///Users/kengyulin/Documents/MyProject/CC/CC3.SpriteEffect.DemoProject/extensions/sprite-effect/source/assets/comp/SpriteEffectTest.ts as cce:/internal/x/cc.
22:24:51 debug: Resolve ./SpriteEffectBase from file:///Users/kengyulin/Documents/MyProject/CC/CC3.SpriteEffect.DemoProject/extensions/sprite-effect/source/assets/comp/SpriteEffectTest.ts as file:///Users/kengyulin/Documents/MyProject/CC/CC3.SpriteEffect.DemoProject/extensions/sprite-effect/source/assets/comp/SpriteEffectBase.ts.
22:24:51 debug: Resolve file:///Users/kengyulin/Documents/MyProject/CC/CC3.SpriteEffect.DemoProject/extensions/sprite-effect/source/assets/comp/SpriteEffectWaterFlow.ts from cce:/internal/x/prerequisite-imports as file:///Users/kengyulin/Documents/MyProject/CC/CC3.SpriteEffect.DemoProject/extensions/sprite-effect/source/assets/comp/SpriteEffectWaterFlow.ts.
22:24:51 debug: Detected change: file:///Users/kengyulin/Documents/MyProject/CC/CC3.SpriteEffect.DemoProject/extensions/sprite-effect/source/assets/comp/SpriteEffectWaterFlow.ts. Last mtime: Sat Jun 08 2024 10:28:52 GMT+0800 (台北標準時間)@76000bb3-a355-438c-aa2e-1f1c46c62af0, Current mtime: Sat Jun 08 2024 22:23:25 GMT+0800 (台北標準時間)@76000bb3-a355-438c-aa2e-1f1c46c62af0
22:24:51 debug: Inspect file:///Users/kengyulin/Documents/MyProject/CC/CC3.SpriteEffect.DemoProject/extensions/sprite-effect/source/assets/comp/SpriteEffectWaterFlow.ts
22:24:51 debug: Resolve cce:/internal/code-quality/cr.mjs from file:///Users/kengyulin/Documents/MyProject/CC/CC3.SpriteEffect.DemoProject/extensions/sprite-effect/source/assets/comp/SpriteEffectWaterFlow.ts as cce:/internal/code-quality/cr.mjs.
22:24:51 debug: Resolve cc from file:///Users/kengyulin/Documents/MyProject/CC/CC3.SpriteEffect.DemoProject/extensions/sprite-effect/source/assets/comp/SpriteEffectWaterFlow.ts as cce:/internal/x/cc.
22:24:51 debug: Resolve cc from file:///Users/kengyulin/Documents/MyProject/CC/CC3.SpriteEffect.DemoProject/extensions/sprite-effect/source/assets/comp/SpriteEffectWaterFlow.ts as cce:/internal/x/cc.
22:24:51 debug: Resolve cc from file:///Users/kengyulin/Documents/MyProject/CC/CC3.SpriteEffect.DemoProject/extensions/sprite-effect/source/assets/comp/SpriteEffectWaterFlow.ts as cce:/internal/x/cc.
22:24:51 debug: Resolve cc/env from file:///Users/kengyulin/Documents/MyProject/CC/CC3.SpriteEffect.DemoProject/extensions/sprite-effect/source/assets/comp/SpriteEffectWaterFlow.ts as external dependency cc/env.
22:24:51 debug: Resolve ./SpriteEffectBase from file:///Users/kengyulin/Documents/MyProject/CC/CC3.SpriteEffect.DemoProject/extensions/sprite-effect/source/assets/comp/SpriteEffectWaterFlow.ts as file:///Users/kengyulin/Documents/MyProject/CC/CC3.SpriteEffect.DemoProject/extensions/sprite-effect/source/assets/comp/SpriteEffectBase.ts.
22:24:51 debug: Resolve file:///Users/kengyulin/Documents/MyProject/CC/CC3.SpriteEffect.DemoProject/extensions/sprite-effect/source/assets/comp/SpriteEffectWaterRipple.ts from cce:/internal/x/prerequisite-imports as file:///Users/kengyulin/Documents/MyProject/CC/CC3.SpriteEffect.DemoProject/extensions/sprite-effect/source/assets/comp/SpriteEffectWaterRipple.ts.
22:24:51 debug: Detected change: file:///Users/kengyulin/Documents/MyProject/CC/CC3.SpriteEffect.DemoProject/extensions/sprite-effect/source/assets/comp/SpriteEffectWaterRipple.ts. Last mtime: Sat Jun 08 2024 10:28:28 GMT+0800 (台北標準時間)@4cb705fc-8e0b-40e9-8251-db00fd6d3c88, Current mtime: Sat Jun 08 2024 22:23:25 GMT+0800 (台北標準時間)@4cb705fc-8e0b-40e9-8251-db00fd6d3c88
22:24:51 debug: Inspect file:///Users/kengyulin/Documents/MyProject/CC/CC3.SpriteEffect.DemoProject/extensions/sprite-effect/source/assets/comp/SpriteEffectWaterRipple.ts
22:24:51 debug: Resolve cce:/internal/code-quality/cr.mjs from file:///Users/kengyulin/Documents/MyProject/CC/CC3.SpriteEffect.DemoProject/extensions/sprite-effect/source/assets/comp/SpriteEffectWaterRipple.ts as cce:/internal/code-quality/cr.mjs.
22:24:51 debug: Resolve cc from file:///Users/kengyulin/Documents/MyProject/CC/CC3.SpriteEffect.DemoProject/extensions/sprite-effect/source/assets/comp/SpriteEffectWaterRipple.ts as cce:/internal/x/cc.
22:24:51 debug: Resolve cc from file:///Users/kengyulin/Documents/MyProject/CC/CC3.SpriteEffect.DemoProject/extensions/sprite-effect/source/assets/comp/SpriteEffectWaterRipple.ts as cce:/internal/x/cc.
22:24:51 debug: Resolve cc from file:///Users/kengyulin/Documents/MyProject/CC/CC3.SpriteEffect.DemoProject/extensions/sprite-effect/source/assets/comp/SpriteEffectWaterRipple.ts as cce:/internal/x/cc.
22:24:51 debug: Resolve cc/env from file:///Users/kengyulin/Documents/MyProject/CC/CC3.SpriteEffect.DemoProject/extensions/sprite-effect/source/assets/comp/SpriteEffectWaterRipple.ts as external dependency cc/env.
22:24:51 debug: Resolve ./SpriteEffectBase from file:///Users/kengyulin/Documents/MyProject/CC/CC3.SpriteEffect.DemoProject/extensions/sprite-effect/source/assets/comp/SpriteEffectWaterRipple.ts as file:///Users/kengyulin/Documents/MyProject/CC/CC3.SpriteEffect.DemoProject/extensions/sprite-effect/source/assets/comp/SpriteEffectBase.ts.
22:24:51 debug: Resolve file:///Users/kengyulin/Documents/MyProject/CC/CC3.SpriteEffect.DemoProject/extensions/sprite-effect/source/assets/comp/SpriteEffectWaterWave.ts from cce:/internal/x/prerequisite-imports as file:///Users/kengyulin/Documents/MyProject/CC/CC3.SpriteEffect.DemoProject/extensions/sprite-effect/source/assets/comp/SpriteEffectWaterWave.ts.
22:24:51 debug: Detected change: file:///Users/kengyulin/Documents/MyProject/CC/CC3.SpriteEffect.DemoProject/extensions/sprite-effect/source/assets/comp/SpriteEffectWaterWave.ts. Last mtime: Sat Jun 08 2024 10:28:15 GMT+0800 (台北標準時間)@e7c2f1f8-5b40-4f5c-a4c8-0082a7d9f7f9, Current mtime: Sat Jun 08 2024 22:23:25 GMT+0800 (台北標準時間)@e7c2f1f8-5b40-4f5c-a4c8-0082a7d9f7f9
22:24:51 debug: Inspect file:///Users/kengyulin/Documents/MyProject/CC/CC3.SpriteEffect.DemoProject/extensions/sprite-effect/source/assets/comp/SpriteEffectWaterWave.ts
22:24:51 debug: Resolve cce:/internal/code-quality/cr.mjs from file:///Users/kengyulin/Documents/MyProject/CC/CC3.SpriteEffect.DemoProject/extensions/sprite-effect/source/assets/comp/SpriteEffectWaterWave.ts as cce:/internal/code-quality/cr.mjs.
22:24:51 debug: Resolve cc from file:///Users/kengyulin/Documents/MyProject/CC/CC3.SpriteEffect.DemoProject/extensions/sprite-effect/source/assets/comp/SpriteEffectWaterWave.ts as cce:/internal/x/cc.
22:24:51 debug: Resolve cc from file:///Users/kengyulin/Documents/MyProject/CC/CC3.SpriteEffect.DemoProject/extensions/sprite-effect/source/assets/comp/SpriteEffectWaterWave.ts as cce:/internal/x/cc.
22:24:51 debug: Resolve cc from file:///Users/kengyulin/Documents/MyProject/CC/CC3.SpriteEffect.DemoProject/extensions/sprite-effect/source/assets/comp/SpriteEffectWaterWave.ts as cce:/internal/x/cc.
22:24:51 debug: Resolve cc/env from file:///Users/kengyulin/Documents/MyProject/CC/CC3.SpriteEffect.DemoProject/extensions/sprite-effect/source/assets/comp/SpriteEffectWaterWave.ts as external dependency cc/env.
22:24:51 debug: Resolve ./SpriteEffectBase from file:///Users/kengyulin/Documents/MyProject/CC/CC3.SpriteEffect.DemoProject/extensions/sprite-effect/source/assets/comp/SpriteEffectWaterWave.ts as file:///Users/kengyulin/Documents/MyProject/CC/CC3.SpriteEffect.DemoProject/extensions/sprite-effect/source/assets/comp/SpriteEffectBase.ts.
22:24:51 debug: Target(preview) ends with cost 521.7627911567688ms.
22:24:52 debug: Pulling asset-db.
22:24:52 debug: Fetch asset-db cost: 741.1523749828339ms.
22:24:52 debug: Build iteration starts.
Number of accumulated asset changes: 16
Feature changed: false
22:24:52 debug: Target(editor) build started.
22:24:52 debug: Detected change: cce:/internal/x/prerequisite-imports. Last mtime: Thu Jan 01 1970 08:00:12 GMT+0800 (台北標準時間), Current mtime: Thu Jan 01 1970 08:00:14 GMT+0800 (台北標準時間)
22:24:52 debug: Inspect cce:/internal/x/prerequisite-imports
22:24:52 debug: Resolve file:///Applications/Cocos/Creator/3.8.2/CocosCreator.app/Contents/Resources/resources/3d/engine/editor/assets/tools/debug-view-runtime-control.ts from cce:/internal/x/prerequisite-imports as file:///Applications/Cocos/Creator/3.8.2/CocosCreator.app/Contents/Resources/resources/3d/engine/editor/assets/tools/debug-view-runtime-control.ts.
22:24:52 debug: Resolve file:///Users/kengyulin/Documents/MyProject/CC/CC3.SpriteEffect.DemoProject/assets/script/ProfileInfo.ts from cce:/internal/x/prerequisite-imports as file:///Users/kengyulin/Documents/MyProject/CC/CC3.SpriteEffect.DemoProject/assets/script/ProfileInfo.ts.
22:24:52 debug: Resolve file:///Users/kengyulin/Documents/MyProject/CC/CC3.SpriteEffect.DemoProject/assets/script/RandomColor.ts from cce:/internal/x/prerequisite-imports as file:///Users/kengyulin/Documents/MyProject/CC/CC3.SpriteEffect.DemoProject/assets/script/RandomColor.ts.
22:24:52 debug: Resolve file:///Users/kengyulin/Documents/MyProject/CC/CC3.SpriteEffect.DemoProject/extensions/sprite-effect/source/assets/comp/SpriteEffectBase.ts from cce:/internal/x/prerequisite-imports as file:///Users/kengyulin/Documents/MyProject/CC/CC3.SpriteEffect.DemoProject/extensions/sprite-effect/source/assets/comp/SpriteEffectBase.ts.
22:24:52 debug: Resolve file:///Users/kengyulin/Documents/MyProject/CC/CC3.SpriteEffect.DemoProject/extensions/sprite-effect/source/assets/comp/SpriteEffectColor.ts from cce:/internal/x/prerequisite-imports as file:///Users/kengyulin/Documents/MyProject/CC/CC3.SpriteEffect.DemoProject/extensions/sprite-effect/source/assets/comp/SpriteEffectColor.ts.
22:24:52 debug: Resolve file:///Users/kengyulin/Documents/MyProject/CC/CC3.SpriteEffect.DemoProject/extensions/sprite-effect/source/assets/comp/SpriteEffectColorizing.ts from cce:/internal/x/prerequisite-imports as file:///Users/kengyulin/Documents/MyProject/CC/CC3.SpriteEffect.DemoProject/extensions/sprite-effect/source/assets/comp/SpriteEffectColorizing.ts.
22:24:52 debug: Resolve file:///Users/kengyulin/Documents/MyProject/CC/CC3.SpriteEffect.DemoProject/extensions/sprite-effect/source/assets/comp/SpriteEffectDisappear.ts from cce:/internal/x/prerequisite-imports as file:///Users/kengyulin/Documents/MyProject/CC/CC3.SpriteEffect.DemoProject/extensions/sprite-effect/source/assets/comp/SpriteEffectDisappear.ts.
22:24:52 debug: Resolve file:///Users/kengyulin/Documents/MyProject/CC/CC3.SpriteEffect.DemoProject/extensions/sprite-effect/source/assets/comp/SpriteEffectDissolve.ts from cce:/internal/x/prerequisite-imports as file:///Users/kengyulin/Documents/MyProject/CC/CC3.SpriteEffect.DemoProject/extensions/sprite-effect/source/assets/comp/SpriteEffectDissolve.ts.
22:24:52 debug: Resolve file:///Users/kengyulin/Documents/MyProject/CC/CC3.SpriteEffect.DemoProject/extensions/sprite-effect/source/assets/comp/SpriteEffectDistort.ts from cce:/internal/x/prerequisite-imports as file:///Users/kengyulin/Documents/MyProject/CC/CC3.SpriteEffect.DemoProject/extensions/sprite-effect/source/assets/comp/SpriteEffectDistort.ts.
22:24:52 debug: Resolve file:///Users/kengyulin/Documents/MyProject/CC/CC3.SpriteEffect.DemoProject/extensions/sprite-effect/source/assets/comp/SpriteEffectFlowLight.ts from cce:/internal/x/prerequisite-imports as file:///Users/kengyulin/Documents/MyProject/CC/CC3.SpriteEffect.DemoProject/extensions/sprite-effect/source/assets/comp/SpriteEffectFlowLight.ts.
22:24:52 debug: Resolve file:///Users/kengyulin/Documents/MyProject/CC/CC3.SpriteEffect.DemoProject/extensions/sprite-effect/source/assets/comp/SpriteEffectGaussianBlur.ts from cce:/internal/x/prerequisite-imports as file:///Users/kengyulin/Documents/MyProject/CC/CC3.SpriteEffect.DemoProject/extensions/sprite-effect/source/assets/comp/SpriteEffectGaussianBlur.ts.
22:24:52 debug: Resolve file:///Users/kengyulin/Documents/MyProject/CC/CC3.SpriteEffect.DemoProject/extensions/sprite-effect/source/assets/comp/SpriteEffectShadow.ts from cce:/internal/x/prerequisite-imports as file:///Users/kengyulin/Documents/MyProject/CC/CC3.SpriteEffect.DemoProject/extensions/sprite-effect/source/assets/comp/SpriteEffectShadow.ts.
22:24:52 debug: Resolve file:///Users/kengyulin/Documents/MyProject/CC/CC3.SpriteEffect.DemoProject/extensions/sprite-effect/source/assets/comp/SpriteEffectTest.ts from cce:/internal/x/prerequisite-imports as file:///Users/kengyulin/Documents/MyProject/CC/CC3.SpriteEffect.DemoProject/extensions/sprite-effect/source/assets/comp/SpriteEffectTest.ts.
22:24:52 debug: Resolve file:///Users/kengyulin/Documents/MyProject/CC/CC3.SpriteEffect.DemoProject/extensions/sprite-effect/source/assets/comp/SpriteEffectWaterFlow.ts from cce:/internal/x/prerequisite-imports as file:///Users/kengyulin/Documents/MyProject/CC/CC3.SpriteEffect.DemoProject/extensions/sprite-effect/source/assets/comp/SpriteEffectWaterFlow.ts.
22:24:52 debug: Resolve file:///Users/kengyulin/Documents/MyProject/CC/CC3.SpriteEffect.DemoProject/extensions/sprite-effect/source/assets/comp/SpriteEffectWaterRipple.ts from cce:/internal/x/prerequisite-imports as file:///Users/kengyulin/Documents/MyProject/CC/CC3.SpriteEffect.DemoProject/extensions/sprite-effect/source/assets/comp/SpriteEffectWaterRipple.ts.
22:24:52 debug: Resolve file:///Users/kengyulin/Documents/MyProject/CC/CC3.SpriteEffect.DemoProject/extensions/sprite-effect/source/assets/comp/SpriteEffectWaterWave.ts from cce:/internal/x/prerequisite-imports as file:///Users/kengyulin/Documents/MyProject/CC/CC3.SpriteEffect.DemoProject/extensions/sprite-effect/source/assets/comp/SpriteEffectWaterWave.ts.
22:24:52 debug: Target(editor) ends with cost 182.02454113960266ms.
22:24:52 debug: Target(preview) build started.
22:24:52 debug: Detected change: cce:/internal/x/prerequisite-imports. Last mtime: Thu Jan 01 1970 08:00:13 GMT+0800 (台北標準時間), Current mtime: Thu Jan 01 1970 08:00:14 GMT+0800 (台北標準時間)
22:24:52 debug: Inspect cce:/internal/x/prerequisite-imports
22:24:52 debug: Resolve file:///Applications/Cocos/Creator/3.8.2/CocosCreator.app/Contents/Resources/resources/3d/engine/editor/assets/tools/debug-view-runtime-control.ts from cce:/internal/x/prerequisite-imports as file:///Applications/Cocos/Creator/3.8.2/CocosCreator.app/Contents/Resources/resources/3d/engine/editor/assets/tools/debug-view-runtime-control.ts.
22:24:52 debug: Resolve file:///Users/kengyulin/Documents/MyProject/CC/CC3.SpriteEffect.DemoProject/assets/script/ProfileInfo.ts from cce:/internal/x/prerequisite-imports as file:///Users/kengyulin/Documents/MyProject/CC/CC3.SpriteEffect.DemoProject/assets/script/ProfileInfo.ts.
22:24:52 debug: Resolve file:///Users/kengyulin/Documents/MyProject/CC/CC3.SpriteEffect.DemoProject/assets/script/RandomColor.ts from cce:/internal/x/prerequisite-imports as file:///Users/kengyulin/Documents/MyProject/CC/CC3.SpriteEffect.DemoProject/assets/script/RandomColor.ts.
22:24:52 debug: Resolve file:///Users/kengyulin/Documents/MyProject/CC/CC3.SpriteEffect.DemoProject/extensions/sprite-effect/source/assets/comp/SpriteEffectBase.ts from cce:/internal/x/prerequisite-imports as file:///Users/kengyulin/Documents/MyProject/CC/CC3.SpriteEffect.DemoProject/extensions/sprite-effect/source/assets/comp/SpriteEffectBase.ts.
22:24:52 debug: Resolve file:///Users/kengyulin/Documents/MyProject/CC/CC3.SpriteEffect.DemoProject/extensions/sprite-effect/source/assets/comp/SpriteEffectColor.ts from cce:/internal/x/prerequisite-imports as file:///Users/kengyulin/Documents/MyProject/CC/CC3.SpriteEffect.DemoProject/extensions/sprite-effect/source/assets/comp/SpriteEffectColor.ts.
22:24:52 debug: Resolve file:///Users/kengyulin/Documents/MyProject/CC/CC3.SpriteEffect.DemoProject/extensions/sprite-effect/source/assets/comp/SpriteEffectColorizing.ts from cce:/internal/x/prerequisite-imports as file:///Users/kengyulin/Documents/MyProject/CC/CC3.SpriteEffect.DemoProject/extensions/sprite-effect/source/assets/comp/SpriteEffectColorizing.ts.
22:24:52 debug: Resolve file:///Users/kengyulin/Documents/MyProject/CC/CC3.SpriteEffect.DemoProject/extensions/sprite-effect/source/assets/comp/SpriteEffectDisappear.ts from cce:/internal/x/prerequisite-imports as file:///Users/kengyulin/Documents/MyProject/CC/CC3.SpriteEffect.DemoProject/extensions/sprite-effect/source/assets/comp/SpriteEffectDisappear.ts.
22:24:52 debug: Resolve file:///Users/kengyulin/Documents/MyProject/CC/CC3.SpriteEffect.DemoProject/extensions/sprite-effect/source/assets/comp/SpriteEffectDissolve.ts from cce:/internal/x/prerequisite-imports as file:///Users/kengyulin/Documents/MyProject/CC/CC3.SpriteEffect.DemoProject/extensions/sprite-effect/source/assets/comp/SpriteEffectDissolve.ts.
22:24:52 debug: Resolve file:///Users/kengyulin/Documents/MyProject/CC/CC3.SpriteEffect.DemoProject/extensions/sprite-effect/source/assets/comp/SpriteEffectDistort.ts from cce:/internal/x/prerequisite-imports as file:///Users/kengyulin/Documents/MyProject/CC/CC3.SpriteEffect.DemoProject/extensions/sprite-effect/source/assets/comp/SpriteEffectDistort.ts.
22:24:52 debug: Resolve file:///Users/kengyulin/Documents/MyProject/CC/CC3.SpriteEffect.DemoProject/extensions/sprite-effect/source/assets/comp/SpriteEffectFlowLight.ts from cce:/internal/x/prerequisite-imports as file:///Users/kengyulin/Documents/MyProject/CC/CC3.SpriteEffect.DemoProject/extensions/sprite-effect/source/assets/comp/SpriteEffectFlowLight.ts.
22:24:52 debug: Resolve file:///Users/kengyulin/Documents/MyProject/CC/CC3.SpriteEffect.DemoProject/extensions/sprite-effect/source/assets/comp/SpriteEffectGaussianBlur.ts from cce:/internal/x/prerequisite-imports as file:///Users/kengyulin/Documents/MyProject/CC/CC3.SpriteEffect.DemoProject/extensions/sprite-effect/source/assets/comp/SpriteEffectGaussianBlur.ts.
22:24:52 debug: Resolve file:///Users/kengyulin/Documents/MyProject/CC/CC3.SpriteEffect.DemoProject/extensions/sprite-effect/source/assets/comp/SpriteEffectShadow.ts from cce:/internal/x/prerequisite-imports as file:///Users/kengyulin/Documents/MyProject/CC/CC3.SpriteEffect.DemoProject/extensions/sprite-effect/source/assets/comp/SpriteEffectShadow.ts.
22:24:52 debug: Resolve file:///Users/kengyulin/Documents/MyProject/CC/CC3.SpriteEffect.DemoProject/extensions/sprite-effect/source/assets/comp/SpriteEffectTest.ts from cce:/internal/x/prerequisite-imports as file:///Users/kengyulin/Documents/MyProject/CC/CC3.SpriteEffect.DemoProject/extensions/sprite-effect/source/assets/comp/SpriteEffectTest.ts.
22:24:52 debug: Resolve file:///Users/kengyulin/Documents/MyProject/CC/CC3.SpriteEffect.DemoProject/extensions/sprite-effect/source/assets/comp/SpriteEffectWaterFlow.ts from cce:/internal/x/prerequisite-imports as file:///Users/kengyulin/Documents/MyProject/CC/CC3.SpriteEffect.DemoProject/extensions/sprite-effect/source/assets/comp/SpriteEffectWaterFlow.ts.
22:24:52 debug: Resolve file:///Users/kengyulin/Documents/MyProject/CC/CC3.SpriteEffect.DemoProject/extensions/sprite-effect/source/assets/comp/SpriteEffectWaterRipple.ts from cce:/internal/x/prerequisite-imports as file:///Users/kengyulin/Documents/MyProject/CC/CC3.SpriteEffect.DemoProject/extensions/sprite-effect/source/assets/comp/SpriteEffectWaterRipple.ts.
22:24:52 debug: Resolve file:///Users/kengyulin/Documents/MyProject/CC/CC3.SpriteEffect.DemoProject/extensions/sprite-effect/source/assets/comp/SpriteEffectWaterWave.ts from cce:/internal/x/prerequisite-imports as file:///Users/kengyulin/Documents/MyProject/CC/CC3.SpriteEffect.DemoProject/extensions/sprite-effect/source/assets/comp/SpriteEffectWaterWave.ts.
22:24:53 debug: Target(preview) ends with cost 72.77787494659424ms.
